Arguments: 
  /Users/jsz/.nvm/versions/node/v12.20.1/bin/node /Users/jsz/.nvm/versions/node/v12.20.1/bin/yarn add gds-lit

PATH: 
  /Users/jsz/.nvm/versions/node/v12.20.1/bin:/Library/Java/JavaVirtualMachines/jdk1.8.0_201.jdk/Contents/Home/bin:/usr/local/bin:/usr/bin:/bin:/usr/sbin:/sbin:/Library/Apple/usr/bin:/Users/jsz/.nvm/versions/node/v12.20.1/bin:/Library/Java/JavaVirtualMachines/jdk1.8.0_201.jdk/Contents/Home/bin:.:/Users/jsz/Library/Android/sdk/emulator:/Users/jsz/Library/Android/sdk/tools:/Users/jsz/Library/Android/sdk/tools/bin:/Users/jsz/Library/Android/sdk/platform-tools:/Applications/Android Studio.app/Contents/gradle/gradle-4.1/bin:/Users/jsz/work/env/flutter/bin:.:/Users/jsz/Library/Android/sdk/emulator:/Users/jsz/Library/Android/sdk/tools:/Users/jsz/Library/Android/sdk/tools/bin:/Users/jsz/Library/Android/sdk/platform-tools:/Applications/Android Studio.app/Contents/gradle/gradle-4.1/bin:/Users/jsz/work/env/flutter/bin

Yarn version: 
  1.22.10

Node version: 
  12.20.1

Platform: 
  darwin x64

Trace: 
  Error: http://192.168.242.40:4873/gds-lit: no such package available
      at Request.params.callback [as _callback] (/Users/jsz/.nvm/versions/node/v12.20.1/lib/node_modules/yarn/lib/cli.js:66988:18)
      at Request.self.callback (/Users/jsz/.nvm/versions/node/v12.20.1/lib/node_modules/yarn/lib/cli.js:140662:22)
      at Request.emit (events.js:314:20)
      at Request.<anonymous> (/Users/jsz/.nvm/versions/node/v12.20.1/lib/node_modules/yarn/lib/cli.js:141634:10)
      at Request.emit (events.js:314:20)
      at IncomingMessage.<anonymous> (/Users/jsz/.nvm/versions/node/v12.20.1/lib/node_modules/yarn/lib/cli.js:141556:12)
      at Object.onceWrapper (events.js:420:28)
      at IncomingMessage.emit (events.js:326:22)
      at endReadableNT (_stream_readable.js:1241:12)
      at processTicksAndRejections (internal/process/task_queues.js:84:21)

npm manifest: 
  {
    "name": "my-vue-app",
    "version": "0.0.0",
    "scripts": {
      "dev": "vite",
      "build:dev": "vuedx-typecheck . && vite build --mode dev",
      "build:uat": "vuedx-typecheck . && vite build --mode uat",
      "build:prd": "vuedx-typecheck . && vite build --mode prd",
      "build:stage": "vuedx-typecheck . && vite build --mode stage",
      "serve": "vite preview"
    },
    "dependencies": {
      "axios": "^0.21.1",
      "element-plus": "^1.0.2-beta.32",
      "postcss-px-to-viewport": "^1.1.1",
      "vue": "^3.0.5",
      "vue-router": "^4.0.4",
      "vuex": "^4.0.0"
    },
    "devDependencies": {
      "@types/node": "^14.14.31",
      "@vitejs/plugin-vue": "^1.1.4",
      "@vue/compiler-sfc": "^3.0.5",
      "@vuedx/typecheck": "^0.6.0",
      "@vuedx/typescript-plugin-vue": "^0.6.0",
      "autoprefixer": "^10.2.4",
      "less": "^4.1.1",
      "postcss": "^8.2.6",
      "sass": "^1.32.8",
      "stylus": "^0.54.8",
      "typescript": "^4.1.3",
      "vite": "^2.0.2",
      "vite-plugin-imp": "^2.0.4"
    }
  }

yarn manifest: 
  No manifest

Lockfile: 
  # THIS IS AN AUTOGENERATED FILE. DO NOT EDIT THIS FILE DIRECTLY.
  # yarn lockfile v1
  
  
  "@babel/code-frame@^7.10.4", "@babel/code-frame@^7.12.13":
    version "7.12.13"
    resolved "http://192.168.242.40:4873/@babel%2fcode-frame/-/code-frame-7.12.13.tgz#dcfc826beef65e75c50e21d3837d7d95798dd658"
    integrity sha1-3PyCa+72XnXFDiHTg319lXmN1lg=
    dependencies:
      "@babel/highlight" "^7.12.13"
  
  "@babel/core@^7.12.10":
    version "7.12.17"
    resolved "http://192.168.242.40:4873/@babel%2fcore/-/core-7.12.17.tgz#993c5e893333107a2815d8e0d73a2c3755e280b2"
    integrity sha1-mTxeiTMzEHooFdjg1zosN1XigLI=
    dependencies:
      "@babel/code-frame" "^7.12.13"
      "@babel/generator" "^7.12.17"
      "@babel/helper-module-transforms" "^7.12.17"
      "@babel/helpers" "^7.12.17"
      "@babel/parser" "^7.12.17"
      "@babel/template" "^7.12.13"
      "@babel/traverse" "^7.12.17"
      "@babel/types" "^7.12.17"
      convert-source-map "^1.7.0"
      debug "^4.1.0"
      gensync "^1.0.0-beta.1"
      json5 "^2.1.2"
      lodash "^4.17.19"
      semver "^5.4.1"
      source-map "^0.5.0"
  
  "@babel/generator@^7.12.1":
    version "7.12.15"
    resolved "http://192.168.242.40:4873/@babel%2fgenerator/-/generator-7.12.15.tgz#4617b5d0b25cc572474cc1aafee1edeaf9b5368f"
    integrity sha1-Rhe10LJcxXJHTMGq/uHt6vm1No8=
    dependencies:
      "@babel/types" "^7.12.13"
      jsesc "^2.5.1"
      source-map "^0.5.0"
  
  "@babel/generator@^7.12.11", "@babel/generator@^7.12.17":
    version "7.12.17"
    resolved "http://192.168.242.40:4873/@babel%2fgenerator/-/generator-7.12.17.tgz#9ef1dd792d778b32284411df63f4f668a9957287"
    integrity sha1-nvHdeS13izIoRBHfY/T2aKmVcoc=
    dependencies:
      "@babel/types" "^7.12.17"
      jsesc "^2.5.1"
      source-map "^0.5.0"
  
  "@babel/helper-function-name@^7.10.4", "@babel/helper-function-name@^7.12.13":
    version "7.12.13"
    resolved "http://192.168.242.40:4873/@babel%2fhelper-function-name/-/helper-function-name-7.12.13.tgz#93ad656db3c3c2232559fd7b2c3dbdcbe0eb377a"
    integrity sha1-k61lbbPDwiMlWf17LD29y+DrN3o=
    dependencies:
      "@babel/helper-get-function-arity" "^7.12.13"
      "@babel/template" "^7.12.13"
      "@babel/types" "^7.12.13"
  
  "@babel/helper-get-function-arity@^7.12.13":
    version "7.12.13"
    resolved "http://192.168.242.40:4873/@babel%2fhelper-get-function-arity/-/helper-get-function-arity-7.12.13.tgz#bc63451d403a3b3082b97e1d8b3fe5bd4091e583"
    integrity sha1-vGNFHUA6OzCCuX4diz/lvUCR5YM=
    dependencies:
      "@babel/types" "^7.12.13"
  
  "@babel/helper-member-expression-to-functions@^7.12.13":
    version "7.12.17"
    resolved "http://192.168.242.40:4873/@babel%2fhelper-member-expression-to-functions/-/helper-member-expression-to-functions-7.12.17.tgz#f82838eb06e1235307b6d71457b6670ff71ee5ac"
    integrity sha1-+Cg46wbhI1MHttcUV7ZnD/ce5aw=
    dependencies:
      "@babel/types" "^7.12.17"
  
  "@babel/helper-module-imports@^7.12.13":
    version "7.12.13"
    resolved "http://192.168.242.40:4873/@babel%2fhelper-module-imports/-/helper-module-imports-7.12.13.tgz#ec67e4404f41750463e455cc3203f6a32e93fcb0"
    integrity sha1-7GfkQE9BdQRj5FXMMgP2oy6T/LA=
    dependencies:
      "@babel/types" "^7.12.13"
  
  "@babel/helper-module-transforms@^7.12.17":
    version "7.12.17"
    resolved "http://192.168.242.40:4873/@babel%2fhelper-module-transforms/-/helper-module-transforms-7.12.17.tgz#7c75b987d6dfd5b48e575648f81eaac891539509"
    integrity sha1-fHW5h9bf1bSOV1ZI+B6qyJFTlQk=
    dependencies:
      "@babel/helper-module-imports" "^7.12.13"
      "@babel/helper-replace-supers" "^7.12.13"
      "@babel/helper-simple-access" "^7.12.13"
      "@babel/helper-split-export-declaration" "^7.12.13"
      "@babel/helper-validator-identifier" "^7.12.11"
      "@babel/template" "^7.12.13"
      "@babel/traverse" "^7.12.17"
      "@babel/types" "^7.12.17"
      lodash "^4.17.19"
  
  "@babel/helper-optimise-call-expression@^7.12.13":
    version "7.12.13"
    resolved "http://192.168.242.40:4873/@babel%2fhelper-optimise-call-expression/-/helper-optimise-call-expression-7.12.13.tgz#5c02d171b4c8615b1e7163f888c1c81c30a2aaea"
    integrity sha1-XALRcbTIYVsecWP4iMHIHDCiquo=
    dependencies:
      "@babel/types" "^7.12.13"
  
  "@babel/helper-replace-supers@^7.12.13":
    version "7.12.13"
    resolved "http://192.168.242.40:4873/@babel%2fhelper-replace-supers/-/helper-replace-supers-7.12.13.tgz#00ec4fb6862546bd3d0aff9aac56074277173121"
    integrity sha1-AOxPtoYlRr09Cv+arFYHQncXMSE=
    dependencies:
      "@babel/helper-member-expression-to-functions" "^7.12.13"
      "@babel/helper-optimise-call-expression" "^7.12.13"
      "@babel/traverse" "^7.12.13"
      "@babel/types" "^7.12.13"
  
  "@babel/helper-simple-access@^7.12.13":
    version "7.12.13"
    resolved "http://192.168.242.40:4873/@babel%2fhelper-simple-access/-/helper-simple-access-7.12.13.tgz#8478bcc5cacf6aa1672b251c1d2dde5ccd61a6c4"
    integrity sha1-hHi8xcrPaqFnKyUcHS3eXM1hpsQ=
    dependencies:
      "@babel/types" "^7.12.13"
  
  "@babel/helper-split-export-declaration@^7.11.0", "@babel/helper-split-export-declaration@^7.12.13":
    version "7.12.13"
    resolved "http://192.168.242.40:4873/@babel%2fhelper-split-export-declaration/-/helper-split-export-declaration-7.12.13.tgz#e9430be00baf3e88b0e13e6f9d4eaf2136372b05"
    integrity sha1-6UML4AuvPoiw4T5vnU6vITY3KwU=
    dependencies:
      "@babel/types" "^7.12.13"
  
  "@babel/helper-validator-identifier@^7.10.4", "@babel/helper-validator-identifier@^7.12.11":
    version "7.12.11"
    resolved "http://192.168.242.40:4873/@babel%2fhelper-validator-identifier/-/helper-validator-identifier-7.12.11.tgz#c9a1f021917dcb5ccf0d4e453e399022981fc9ed"
    integrity sha1-yaHwIZF9y1zPDU5FPjmQIpgfye0=
  
  "@babel/helpers@^7.12.17":
    version "7.12.17"
    resolved "http://192.168.242.40:4873/@babel%2fhelpers/-/helpers-7.12.17.tgz#71e03d2981a6b5ee16899964f4101dc8471d60bc"
    integrity sha1-ceA9KYGmte4WiZlk9BAdyEcdYLw=
    dependencies:
      "@babel/template" "^7.12.13"
      "@babel/traverse" "^7.12.17"
      "@babel/types" "^7.12.17"
  
  "@babel/highlight@^7.12.13":
    version "7.12.13"
    resolved "http://192.168.242.40:4873/@babel%2fhighlight/-/highlight-7.12.13.tgz#8ab538393e00370b26271b01fa08f7f27f2e795c"
    integrity sha1-irU4OT4ANwsmJxsB+gj38n8ueVw=
    dependencies:
      "@babel/helper-validator-identifier" "^7.12.11"
      chalk "^2.0.0"
      js-tokens "^4.0.0"
  
  "@babel/parser@7.12.3":
    version "7.12.3"
    resolved "http://192.168.242.40:4873/@babel%2fparser/-/parser-7.12.3.tgz#a305415ebe7a6c7023b40b5122a0662d928334cd"
    integrity sha1-owVBXr56bHAjtAtRIqBmLZKDNM0=
  
  "@babel/parser@^7.12.0", "@babel/parser@^7.12.1", "@babel/parser@^7.12.13", "@babel/parser@^7.12.3":
    version "7.12.16"
    resolved "http://192.168.242.40:4873/@babel%2fparser/-/parser-7.12.16.tgz#cc31257419d2c3189d394081635703f549fc1ed4"
    integrity sha1-zDEldBnSwxidOUCBY1cD9Un8HtQ=
  
  "@babel/parser@^7.12.11", "@babel/parser@^7.12.17":
    version "7.12.17"
    resolved "http://192.168.242.40:4873/@babel%2fparser/-/parser-7.12.17.tgz#bc85d2d47db38094e5bb268fc761716e7d693848"
    integrity sha1-vIXS1H2zgJTluyaPx2Fxbn1pOEg=
  
  "@babel/template@^7.12.13", "@babel/template@^7.12.7":
    version "7.12.13"
    resolved "http://192.168.242.40:4873/@babel%2ftemplate/-/template-7.12.13.tgz#530265be8a2589dbb37523844c5bcb55947fb327"
    integrity sha1-UwJlvooliduzdSOETFvLVZR/syc=
    dependencies:
      "@babel/code-frame" "^7.12.13"
      "@babel/parser" "^7.12.13"
      "@babel/types" "^7.12.13"
  
  "@babel/traverse@7.12.1":
    version "7.12.1"
    resolved "http://192.168.242.40:4873/@babel%2ftraverse/-/traverse-7.12.1.tgz#941395e0c5cc86d5d3e75caa095d3924526f0c1e"
    integrity sha1-lBOV4MXMhtXT51yqCV05JFJvDB4=
    dependencies:
      "@babel/code-frame" "^7.10.4"
      "@babel/generator" "^7.12.1"
      "@babel/helper-function-name" "^7.10.4"
      "@babel/helper-split-export-declaration" "^7.11.0"
      "@babel/parser" "^7.12.1"
      "@babel/types" "^7.12.1"
      debug "^4.1.0"
      globals "^11.1.0"
      lodash "^4.17.19"
  
  "@babel/traverse@^7.12.12", "@babel/traverse@^7.12.13", "@babel/traverse@^7.12.17":
    version "7.12.17"
    resolved "http://192.168.242.40:4873/@babel%2ftraverse/-/traverse-7.12.17.tgz#40ec8c7ffb502c4e54c7f95492dc11b88d718619"
    integrity sha1-QOyMf/tQLE5Ux/lUktwRuI1xhhk=
    dependencies:
      "@babel/code-frame" "^7.12.13"
      "@babel/generator" "^7.12.17"
      "@babel/helper-function-name" "^7.12.13"
      "@babel/helper-split-export-declaration" "^7.12.13"
      "@babel/parser" "^7.12.17"
      "@babel/types" "^7.12.17"
      debug "^4.1.0"
      globals "^11.1.0"
      lodash "^4.17.19"
  
  "@babel/types@7.12.1":
    version "7.12.1"
    resolved "http://192.168.242.40:4873/@babel%2ftypes/-/types-7.12.1.tgz#e109d9ab99a8de735be287ee3d6a9947a190c4ae"
    integrity sha1-4QnZq5mo3nNb4ofuPWqZR6GQxK4=
    dependencies:
      "@babel/helper-validator-identifier" "^7.10.4"
      lodash "^4.17.19"
      to-fast-properties "^2.0.0"
  
  "@babel/types@^7.12.0", "@babel/types@^7.12.1", "@babel/types@^7.12.13":
    version "7.12.13"
    resolved "http://192.168.242.40:4873/@babel%2ftypes/-/types-7.12.13.tgz#8be1aa8f2c876da11a9cf650c0ecf656913ad611"
    integrity sha1-i+GqjyyHbaEanPZQwOz2VpE61hE=
    dependencies:
      "@babel/helper-validator-identifier" "^7.12.11"
      lodash "^4.17.19"
      to-fast-properties "^2.0.0"
  
  "@babel/types@^7.12.17":
    version "7.12.17"
    resolved "http://192.168.242.40:4873/@babel%2ftypes/-/types-7.12.17.tgz#9d711eb807e0934c90b8b1ca0eb1f7230d150963"
    integrity sha1-nXEeuAfgk0yQuLHKDrH3Iw0VCWM=
    dependencies:
      "@babel/helper-validator-identifier" "^7.12.11"
      lodash "^4.17.19"
      to-fast-properties "^2.0.0"
  
  "@intlify/core-base@9.0.0-beta.16":
    version "9.0.0-beta.16"
    resolved "http://192.168.242.40:4873/@intlify%2fcore-base/-/core-base-9.0.0-beta.16.tgz#ab35802b982f52db20d4758d020c2dcd1724e7f9"
    integrity sha1-qzWAK5gvUtsg1HWNAgwtzRck5/k=
    dependencies:
      "@intlify/message-compiler" "9.0.0-beta.16"
      "@intlify/message-resolver" "9.0.0-beta.16"
      "@intlify/runtime" "9.0.0-beta.16"
      "@intlify/shared" "9.0.0-beta.16"
  
  "@intlify/core@^9.0.0-beta.15":
    version "9.0.0-beta.16"
    resolved "http://192.168.242.40:4873/@intlify%2fcore/-/core-9.0.0-beta.16.tgz#d74d4678868b37b641bdf999552b237d84dacb88"
    integrity sha1-101GeIaLN7ZBvfmZVSsjfYTay4g=
    dependencies:
      "@intlify/core-base" "9.0.0-beta.16"
  
  "@intlify/message-compiler@9.0.0-beta.16":
    version "9.0.0-beta.16"
    resolved "http://192.168.242.40:4873/@intlify%2fmessage-compiler/-/message-compiler-9.0.0-beta.16.tgz#359993251a303f148b3a325eca055cdbaf0cd95f"
    integrity sha1-NZmTJRowPxSLOjJeygVc268M2V8=
    dependencies:
      "@intlify/message-resolver" "9.0.0-beta.16"
      "@intlify/shared" "9.0.0-beta.16"
      source-map "0.6.1"
  
  "@intlify/message-resolver@9.0.0-beta.16":
    version "9.0.0-beta.16"
    resolved "http://192.168.242.40:4873/@intlify%2fmessage-resolver/-/message-resolver-9.0.0-beta.16.tgz#f8960344201050d17560f8d01f63e3cd0b9bf59c"
    integrity sha1-+JYDRCAQUNF1YPjQH2PjzQub9Zw=
  
  "@intlify/runtime@9.0.0-beta.16":
    version "9.0.0-beta.16"
    resolved "http://192.168.242.40:4873/@intlify%2fruntime/-/runtime-9.0.0-beta.16.tgz#6a210a5b0984f9e295025e3dde5262108e0e69d9"
    integrity sha1-aiEKWwmE+eKVAl493lJiEI4Oadk=
    dependencies:
      "@intlify/message-compiler" "9.0.0-beta.16"
      "@intlify/message-resolver" "9.0.0-beta.16"
      "@intlify/shared" "9.0.0-beta.16"
  
  "@intlify/shared@9.0.0-beta.16":
    version "9.0.0-beta.16"
    resolved "http://192.168.242.40:4873/@intlify%2fshared/-/shared-9.0.0-beta.16.tgz#51a80ca4705c93cb14c8f06398dfc550df09d67d"
    integrity sha1-UagMpHBck8sUyPBjmN/FUN8J1n0=
  
  "@nodelib/fs.scandir@2.1.4":
    version "2.1.4"
    resolved "http://192.168.242.40:4873/@nodelib%2ffs.scandir/-/fs.scandir-2.1.4.tgz#d4b3549a5db5de2683e0c1071ab4f140904bbf69"
    integrity sha1-1LNUml213iaD4MEHGrTxQJBLv2k=
    dependencies:
      "@nodelib/fs.stat" "2.0.4"
      run-parallel "^1.1.9"
  
  "@nodelib/fs.stat@2.0.4", "@nodelib/fs.stat@^2.0.2":
    version "2.0.4"
    resolved "http://192.168.242.40:4873/@nodelib%2ffs.stat/-/fs.stat-2.0.4.tgz#a3f2dd61bab43b8db8fa108a121cfffe4c676655"
    integrity sha1-o/LdYbq0O424+hCKEhz//kxnZlU=
  
  "@nodelib/fs.walk@^1.2.3":
    version "1.2.6"
    resolved "http://192.168.242.40:4873/@nodelib%2ffs.walk/-/fs.walk-1.2.6.tgz#cce9396b30aa5afe9e3756608f5831adcb53d063"
    integrity sha1-zOk5azCqWv6eN1Zgj1gxrctT0GM=
    dependencies:
      "@nodelib/fs.scandir" "2.1.4"
      fastq "^1.6.0"
  
  "@popperjs/core@^2.4.4":
    version "2.7.2"
    resolved "http://192.168.242.40:4873/@popperjs%2fcore/-/core-2.7.2.tgz#00644825ce478065101954bdb2f7f2d062365b7f"
    integrity sha1-AGRIJc5HgGUQGVS9svfy0GI2W38=
  
  "@sentry/core@5.30.0":
    version "5.30.0"
    resolved "http://192.168.242.40:4873/@sentry%2fcore/-/core-5.30.0.tgz#6b203664f69e75106ee8b5a2fe1d717379b331f3"
    integrity sha1-ayA2ZPaedRBu6LWi/h1xc3mzMfM=
    dependencies:
      "@sentry/hub" "5.30.0"
      "@sentry/minimal" "5.30.0"
      "@sentry/types" "5.30.0"
      "@sentry/utils" "5.30.0"
      tslib "^1.9.3"
  
  "@sentry/hub@5.30.0":
    version "5.30.0"
    resolved "http://192.168.242.40:4873/@sentry%2fhub/-/hub-5.30.0.tgz#2453be9b9cb903404366e198bd30c7ca74cdc100"
    integrity sha1-JFO+m5y5A0BDZuGYvTDHynTNwQA=
    dependencies:
      "@sentry/types" "5.30.0"
      "@sentry/utils" "5.30.0"
      tslib "^1.9.3"
  
  "@sentry/minimal@5.30.0":
    version "5.30.0"
    resolved "http://192.168.242.40:4873/@sentry%2fminimal/-/minimal-5.30.0.tgz#ce3d3a6a273428e0084adcb800bc12e72d34637b"
    integrity sha1-zj06aic0KOAISty4ALwS5y00Y3s=
    dependencies:
      "@sentry/hub" "5.30.0"
      "@sentry/types" "5.30.0"
      tslib "^1.9.3"
  
  "@sentry/node@^5.30.0":
    version "5.30.0"
    resolved "http://192.168.242.40:4873/@sentry%2fnode/-/node-5.30.0.tgz#4ca479e799b1021285d7fe12ac0858951c11cd48"
    integrity sha1-TKR555mxAhKF1/4SrAhYlRwRzUg=
    dependencies:
      "@sentry/core" "5.30.0"
      "@sentry/hub" "5.30.0"
      "@sentry/tracing" "5.30.0"
      "@sentry/types" "5.30.0"
      "@sentry/utils" "5.30.0"
      cookie "^0.4.1"
      https-proxy-agent "^5.0.0"
      lru_map "^0.3.3"
      tslib "^1.9.3"
  
  "@sentry/tracing@5.30.0":
    version "5.30.0"
    resolved "http://192.168.242.40:4873/@sentry%2ftracing/-/tracing-5.30.0.tgz#501d21f00c3f3be7f7635d8710da70d9419d4e1f"
    integrity sha1-UB0h8Aw/O+f3Y12HENpw2UGdTh8=
    dependencies:
      "@sentry/hub" "5.30.0"
      "@sentry/minimal" "5.30.0"
      "@sentry/types" "5.30.0"
      "@sentry/utils" "5.30.0"
      tslib "^1.9.3"
  
  "@sentry/types@5.30.0":
    version "5.30.0"
    resolved "http://192.168.242.40:4873/@sentry%2ftypes/-/types-5.30.0.tgz#19709bbe12a1a0115bc790b8942917da5636f402"
    integrity sha1-GXCbvhKhoBFbx5C4lCkX2lY29AI=
  
  "@sentry/utils@5.30.0":
    version "5.30.0"
    resolved "http://192.168.242.40:4873/@sentry%2futils/-/utils-5.30.0.tgz#9a5bd7ccff85ccfe7856d493bffa64cabc41e980"
    integrity sha1-mlvXzP+FzP54VtSTv/pkyrxB6YA=
    dependencies:
      "@sentry/types" "5.30.0"
      tslib "^1.9.3"
  
  "@types/braces@*":
    version "3.0.0"
    resolved "http://192.168.242.40:4873/@types%2fbraces/-/braces-3.0.0.tgz#7da1c0d44ff1c7eb660a36ec078ea61ba7eb42cb"
    integrity sha1-faHA1E/xx+tmCjbsB46mG6frQss=
  
  "@types/micromatch@^4.0.1":
    version "4.0.1"
    resolved "http://192.168.242.40:4873/@types%2fmicromatch/-/micromatch-4.0.1.tgz#9381449dd659fc3823fd2a4190ceacc985083bc7"
    integrity sha1-k4FEndZZ/Dgj/SpBkM6syYUIO8c=
    dependencies:
      "@types/braces" "*"
  
  "@types/node@^14.14.31":
    version "14.14.31"
    resolved "http://192.168.242.40:4873/@types%2fnode/-/node-14.14.31.tgz#72286bd33d137aa0d152d47ec7c1762563d34055"
    integrity sha1-cihr0z0TeqDRUtR+x8F2JWPTQFU=
  
  "@vitejs/plugin-vue@^1.1.4":
    version "1.1.4"
    resolved "http://192.168.242.40:4873/@vitejs%2fplugin-vue/-/plugin-vue-1.1.4.tgz#1dd388519b75439b7733601b55238ca691864796"
    integrity sha1-HdOIUZt1Q5t3M2AbVSOMppGGR5Y=
  
  "@vue/compiler-core@3.0.5", "@vue/compiler-core@^3.0.0", "@vue/compiler-core@^3.0.1", "@vue/compiler-core@^3.0.2":
    version "3.0.5"
    resolved "http://192.168.242.40:4873/@vue%2fcompiler-core/-/compiler-core-3.0.5.tgz#a6e54cabe9536e74c6513acd2649f311af1d43ac"
    integrity sha1-puVMq+lTbnTGUTrNJknzEa8dQ6w=
    dependencies:
      "@babel/parser" "^7.12.0"
      "@babel/types" "^7.12.0"
      "@vue/shared" "3.0.5"
      estree-walker "^2.0.1"
      source-map "^0.6.1"
  
  "@vue/compiler-dom@3.0.5":
    version "3.0.5"
    resolved "http://192.168.242.40:4873/@vue%2fcompiler-dom/-/compiler-dom-3.0.5.tgz#7885a13e6d18f64dde8ebceec052ed2c102696c2"
    integrity sha1-eIWhPm0Y9k3ejrzuwFLtLBAmlsI=
    dependencies:
      "@vue/compiler-core" "3.0.5"
      "@vue/shared" "3.0.5"
  
  "@vue/compiler-sfc@^3.0.5":
    version "3.0.5"
    resolved "http://192.168.242.40:4873/@vue%2fcompiler-sfc/-/compiler-sfc-3.0.5.tgz#3ae08e60244a72faf9598361874fb7bdb5b1d37c"
    integrity sha1-OuCOYCRKcvr5WYNhh0+3vbWx03w=
    dependencies:
      "@babel/parser" "^7.12.0"
      "@babel/types" "^7.12.0"
      "@vue/compiler-core" "3.0.5"
      "@vue/compiler-dom" "3.0.5"
      "@vue/compiler-ssr" "3.0.5"
      "@vue/shared" "3.0.5"
      consolidate "^0.16.0"
      estree-walker "^2.0.1"
      hash-sum "^2.0.0"
      lru-cache "^5.1.1"
      magic-string "^0.25.7"
      merge-source-map "^1.1.0"
      postcss "^7.0.32"
      postcss-modules "^3.2.2"
      postcss-selector-parser "^6.0.4"
      source-map "^0.6.1"
  
  "@vue/compiler-ssr@3.0.5":
    version "3.0.5"
    resolved "http://192.168.242.40:4873/@vue%2fcompiler-ssr/-/compiler-ssr-3.0.5.tgz#7661ad891a0be948726c7f7ad1e425253c587b83"
    integrity sha1-dmGtiRoL6UhybH960eQlJTxYe4M=
    dependencies:
      "@vue/compiler-dom" "3.0.5"
      "@vue/shared" "3.0.5"
  
  "@vue/reactivity@3.0.5":
    version "3.0.5"
    resolved "http://192.168.242.40:4873/@vue%2freactivity/-/reactivity-3.0.5.tgz#e3789e4d523d845f9ae0b4d770e2b45594742fd2"
    integrity sha1-43ieTVI9hF+a4LTXcOK0VZR0L9I=
    dependencies:
      "@vue/shared" "3.0.5"
  
  "@vue/runtime-core@3.0.5":
    version "3.0.5"
    resolved "http://192.168.242.40:4873/@vue%2fruntime-core/-/runtime-core-3.0.5.tgz#da6331d5f300d5794e9e0ebdc8a8bd72a9e19962"
    integrity sha1-2mMx1fMA1XlOng69yKi9cqnhmWI=
    dependencies:
      "@vue/reactivity" "3.0.5"
      "@vue/shared" "3.0.5"
  
  "@vue/runtime-dom@3.0.5":
    version "3.0.5"
    resolved "http://192.168.242.40:4873/@vue%2fruntime-dom/-/runtime-dom-3.0.5.tgz#1ce2c9c449e26ab06963da0064096e882a7a8935"
    integrity sha1-HOLJxEniarBpY9oAZAluiCp6iTU=
    dependencies:
      "@vue/runtime-core" "3.0.5"
      "@vue/shared" "3.0.5"
      csstype "^2.6.8"
  
  "@vue/shared@3.0.5":
    version "3.0.5"
    resolved "http://192.168.242.40:4873/@vue%2fshared/-/shared-3.0.5.tgz#c131d88bd6713cc4d93b3bb1372edb1983225ff0"
    integrity sha1-wTHYi9ZxPMTZOzuxNy7bGYMiX/A=
  
  "@vuedx/analyze@0.6.3":
    version "0.6.3"
    resolved "http://192.168.242.40:4873/@vuedx%2fanalyze/-/analyze-0.6.3.tgz#f7f367ea1a1b10e22212a4f2f89d5781f17f3c84"
    integrity sha1-9/Nn6hobEOIiEqTy+J1XgfF/PIQ=
    dependencies:
      "@babel/code-frame" "^7.10.4"
      "@babel/generator" "^7.12.1"
      "@babel/parser" "^7.12.3"
      "@babel/template" "^7.12.7"
      "@babel/traverse" "7.12.1"
      "@babel/types" "7.12.1"
      "@types/micromatch" "^4.0.1"
      "@vuedx/compiler-sfc" "0.6.2"
      "@vuedx/compiler-tsx" "0.6.3"
      "@vuedx/projectconfig" "0.6.2"
      "@vuedx/shared" "0.6.2"
      "@vuedx/template-ast-types" "0.6.2"
      cli-highlight "^2.1.4"
      commander "^6.1.0"
      fast-glob "^3.2.4"
      hash-sum "^2.0.0"
      micromatch "^4.0.2"
  
  "@vuedx/compiler-sfc@0.6.2":
    version "0.6.2"
    resolved "http://192.168.242.40:4873/@vuedx%2fcompiler-sfc/-/compiler-sfc-0.6.2.tgz#f9a0d66eb48be839d363364ed4cd96967929f3cb"
    integrity sha1-+aDWbrSL6DnTYzZO1M2Wlnkp88s=
    dependencies:
      "@vue/compiler-core" "^3.0.2"
      lru-cache "^6.0.0"
      source-map "^0.6.1"
  
  "@vuedx/compiler-tsx@0.6.3":
    version "0.6.3"
    resolved "http://192.168.242.40:4873/@vuedx%2fcompiler-tsx/-/compiler-tsx-0.6.3.tgz#d5ed641ee5c90baf3a04962f47e8c9d31d318b9a"
    integrity sha1-1e1kHuXJC686BJYvR+jJ0x0xi5o=
    dependencies:
      "@babel/parser" "7.12.3"
      "@babel/types" "7.12.1"
      "@vue/compiler-core" "^3.0.1"
      "@vuedx/shared" "0.6.2"
      "@vuedx/template-ast-types" "0.6.2"
  
  "@vuedx/projectconfig@0.6.2":
    version "0.6.2"
    resolved "http://192.168.242.40:4873/@vuedx%2fprojectconfig/-/projectconfig-0.6.2.tgz#4c7c32fc76a5a0cb2a8a8b4c4530183d7b70decc"
    integrity sha1-THwy/HaloMsqiotMRTAYPXtw3sw=
  
  "@vuedx/shared@0.6.2":
    version "0.6.2"
    resolved "http://192.168.242.40:4873/@vuedx%2fshared/-/shared-0.6.2.tgz#ada493a0af75306e37ac19fe8e836f1ce07c8745"
    integrity sha1-raSToK91MG43rBn+joNvHOB8h0U=
    dependencies:
      "@sentry/node" "^5.30.0"
      node-unique-machine-id "^1.1.0"
      uuid "^8.3.2"
  
  "@vuedx/template-ast-types@0.6.2":
    version "0.6.2"
    resolved "http://192.168.242.40:4873/@vuedx%2ftemplate-ast-types/-/template-ast-types-0.6.2.tgz#8932b665abfed4593a0bdbfa91ed788056876770"
    integrity sha1-iTK2Zav+1Fk6C9v6ke14gFaHZ3A=
    dependencies:
      "@vue/compiler-core" "^3.0.0"
  
  "@vuedx/typecheck@^0.6.0":
    version "0.6.3"
    resolved "http://192.168.242.40:4873/@vuedx%2ftypecheck/-/typecheck-0.6.3.tgz#d66b8dcfa8d7d37ccfa196d019c8a5cc8bc7fc4d"
    integrity sha1-1muNz6jX03zPoZbQGcilzIvH/E0=
    dependencies:
      "@vuedx/shared" "0.6.2"
      "@vuedx/typescript-plugin-vue" "0.6.3"
      "@vuedx/vue-virtual-textdocument" "0.6.3"
      chalk "^4.1.0"
      fast-glob "^3.2.4"
      minimist "^1.2.5"
      resolve-from "^5.0.0"
      typescript "^4.0.3"
  
  "@vuedx/typescript-plugin-vue@0.6.3", "@vuedx/typescript-plugin-vue@^0.6.0":
    version "0.6.3"
    resolved "http://192.168.242.40:4873/@vuedx%2ftypescript-plugin-vue/-/typescript-plugin-vue-0.6.3.tgz#cc2d99bdc0abbde9bb5909341c47715af00539a3"
    integrity sha1-zC2ZvcCrvem7WQk0HEdxWvAFOaM=
    dependencies:
      "@intlify/core" "^9.0.0-beta.15"
      "@vuedx/analyze" "0.6.3"
      "@vuedx/compiler-sfc" "0.6.2"
      "@vuedx/projectconfig" "0.6.2"
      "@vuedx/shared" "0.6.2"
      "@vuedx/template-ast-types" "0.6.2"
      "@vuedx/vue-virtual-textdocument" "0.6.3"
      de-indent "^1.0.2"
      json5 "^2.1.3"
      quick-lru "^5.1.1"
      vscode-uri "^2.1.2"
      vscode-web-custom-data "^0.3.2"
  
  "@vuedx/vue-virtual-textdocument@0.6.3":
    version "0.6.3"
    resolved "http://192.168.242.40:4873/@vuedx%2fvue-virtual-textdocument/-/vue-virtual-textdocument-0.6.3.tgz#750484d93378b47ead5f6e319e32d33160ed5658"
    integrity sha1-dQSE2TN4tH6tX24xnjLTMWDtVlg=
    dependencies:
      "@vuedx/analyze" "0.6.3"
      "@vuedx/compiler-sfc" "0.6.2"
      "@vuedx/compiler-tsx" "0.6.3"
      "@vuedx/shared" "0.6.2"
      source-map "^0.6.1"
      vscode-languageserver-textdocument "^1.0.1"
      vscode-uri "^2.1.2"
  
  agent-base@6:
    version "6.0.2"
    resolved "http://192.168.242.40:4873/agent-base/-/agent-base-6.0.2.tgz#49fff58577cfee3f37176feab4c22e00f86d7f77"
    integrity sha1-Sf/1hXfP7j83F2/qtMIuAPhtf3c=
    dependencies:
      debug "4"
  
  ansi-regex@^5.0.0:
    version "5.0.0"
    resolved "http://192.168.242.40:4873/ansi-regex/-/ansi-regex-5.0.0.tgz#388539f55179bf39339c81af30a654d69f87cb75"
    integrity sha1-OIU59VF5vzkznIGvMKZU1p+Hy3U=
  
  ansi-styles@^3.2.1:
    version "3.2.1"
    resolved "http://192.168.242.40:4873/ansi-styles/-/ansi-styles-3.2.1.tgz#41fbb20243e50b12be0f04b8dedbf07520ce841d"
    integrity sha1-QfuyAkPlCxK+DwS43tvwdSDOhB0=
    dependencies:
      color-convert "^1.9.0"
  
  ansi-styles@^4.0.0, ansi-styles@^4.1.0:
    version "4.3.0"
    resolved "http://192.168.242.40:4873/ansi-styles/-/ansi-styles-4.3.0.tgz#edd803628ae71c04c85ae7a0906edad34b648937"
    integrity sha1-7dgDYornHATIWuegkG7a00tkiTc=
    dependencies:
      color-convert "^2.0.1"
  
  any-promise@^1.0.0:
    version "1.3.0"
    resolved "http://192.168.242.40:4873/any-promise/-/any-promise-1.3.0.tgz#abc6afeedcea52e809cdc0376aed3ce39635d17f"
    integrity sha1-q8av7tzqUugJzcA3au0845Y10X8=
  
  anymatch@~3.1.1:
    version "3.1.1"
    resolved "http://192.168.242.40:4873/anymatch/-/anymatch-3.1.1.tgz#c55ecf02185e2469259399310c173ce31233b142"
    integrity sha1-xV7PAhheJGklk5kxDBc84xIzsUI=
    dependencies:
      normalize-path "^3.0.0"
      picomatch "^2.0.4"
  
  async-validator@^3.4.0:
    version "3.5.1"
    resolved "http://192.168.242.40:4873/async-validator/-/async-validator-3.5.1.tgz#cd62b9688b2465f48420e27adb47760ab1b5559f"
    integrity sha1-zWK5aIskZfSEIOJ620d2CrG1VZ8=
  
  atob@^2.1.2:
    version "2.1.2"
    resolved "http://192.168.242.40:4873/atob/-/atob-2.1.2.tgz#6d9517eb9e030d2436666651e86bd9f6f13533c9"
    integrity sha1-bZUX654DDSQ2ZmZR6GvZ9vE1M8k=
  
  autoprefixer@^10.2.4:
    version "10.2.4"
    resolved "http://192.168.242.40:4873/autoprefixer/-/autoprefixer-10.2.4.tgz#c0e7cf24fcc6a1ae5d6250c623f0cb8beef2f7e1"
    integrity sha1-wOfPJPzGoa5dYlDGI/DLi+7y9+E=
    dependencies:
      browserslist "^4.16.1"
      caniuse-lite "^1.0.30001181"
      colorette "^1.2.1"
      fraction.js "^4.0.13"
      normalize-range "^0.1.2"
      postcss-value-parser "^4.1.0"
  
  axios@^0.21.1:
    version "0.21.1"
    resolved "http://192.168.242.40:4873/axios/-/axios-0.21.1.tgz#22563481962f4d6bde9a76d516ef0e5d3c09b2b8"
    integrity sha1-IlY0gZYvTWvemnbVFu8OXTwJsrg=
    dependencies:
      follow-redirects "^1.10.0"
  
  balanced-match@^1.0.0:
    version "1.0.0"
    resolved "http://192.168.242.40:4873/balanced-match/-/balanced-match-1.0.0.tgz#89b4d199ab2bee49de164ea02b89ce462d71b767"
    integrity sha1-ibTRmasr7kneFk6gK4nORi1xt2c=
  
  big.js@^5.2.2:
    version "5.2.2"
    resolved "http://192.168.242.40:4873/big.js/-/big.js-5.2.2.tgz#65f0af382f578bcdc742bd9c281e9cb2d7768328"
    integrity sha1-ZfCvOC9Xi83HQr2cKB6cstd2gyg=
  
  binary-extensions@^2.0.0:
    version "2.2.0"
    resolved "http://192.168.242.40:4873/binary-extensions/-/binary-extensions-2.2.0.tgz#75f502eeaf9ffde42fc98829645be4ea76bd9e2d"
    integrity sha1-dfUC7q+f/eQvyYgpZFvk6na9ni0=
  
  bluebird@^3.7.2:
    version "3.7.2"
    resolved "http://192.168.242.40:4873/bluebird/-/bluebird-3.7.2.tgz#9f229c15be272454ffa973ace0dbee79a1b0c36f"
    integrity sha1-nyKcFb4nJFT/qXOs4NvueaGww28=
  
  brace-expansion@^1.1.7:
    version "1.1.11"
    resolved "http://192.168.242.40:4873/brace-expansion/-/brace-expansion-1.1.11.tgz#3c7fcbf529d87226f3d2f52b966ff5271eb441dd"
    integrity sha1-PH/L9SnYcibz0vUrlm/1Jx60Qd0=
    dependencies:
      balanced-match "^1.0.0"
      concat-map "0.0.1"
  
  braces@^3.0.1, braces@~3.0.2:
    version "3.0.2"
    resolved "http://192.168.242.40:4873/braces/-/braces-3.0.2.tgz#3454e1a462ee8d599e236df336cd9ea4f8afe107"
    integrity sha1-NFThpGLujVmeI23zNs2epPiv4Qc=
    dependencies:
      fill-range "^7.0.1"
  
  browserslist@^4.16.1:
    version "4.16.3"
    resolved "http://192.168.242.40:4873/browserslist/-/browserslist-4.16.3.tgz#340aa46940d7db878748567c5dea24a48ddf3717"
    integrity sha1-NAqkaUDX24eHSFZ8XeokpI3fNxc=
    dependencies:
      caniuse-lite "^1.0.30001181"
      colorette "^1.2.1"
      electron-to-chromium "^1.3.649"
      escalade "^3.1.1"
      node-releases "^1.1.70"
  
  caniuse-lite@^1.0.30001181:
    version "1.0.30001190"
    resolved "http://192.168.242.40:4873/caniuse-lite/-/caniuse-lite-1.0.30001190.tgz#acc6d4a53c68be16cfc314d55c9cab637e558cba"
    integrity sha1-rMbUpTxovhbPwxTVXJyrY35VjLo=
  
  chalk@^2.0.0, chalk@^2.4.2:
    version "2.4.2"
    resolved "http://192.168.242.40:4873/chalk/-/chalk-2.4.2.tgz#cd42541677a54333cf541a49108c1432b44c9424"
    integrity sha1-zUJUFnelQzPPVBpJEIwUMrRMlCQ=
    dependencies:
      ansi-styles "^3.2.1"
      escape-string-regexp "^1.0.5"
      supports-color "^5.3.0"
  
  chalk@^4.0.0, chalk@^4.1.0:
    version "4.1.0"
    resolved "http://192.168.242.40:4873/chalk/-/chalk-4.1.0.tgz#4e14870a618d9e2edd97dd8345fd9d9dc315646a"
    integrity sha1-ThSHCmGNni7dl92DRf2dncMVZGo=
    dependencies:
      ansi-styles "^4.1.0"
      supports-color "^7.1.0"
  
  "chokidar@>=2.0.0 <4.0.0":
    version "3.5.1"
    resolved "http://192.168.242.40:4873/chokidar/-/chokidar-3.5.1.tgz#ee9ce7bbebd2b79f49f304799d5468e31e14e68a"
    integrity sha1-7pznu+vSt59J8wR5nVRo4x4U5oo=
    dependencies:
      anymatch "~3.1.1"
      braces "~3.0.2"
      glob-parent "~5.1.0"
      is-binary-path "~2.1.0"
      is-glob "~4.0.1"
      normalize-path "~3.0.0"
      readdirp "~3.5.0"
    optionalDependencies:
      fsevents "~2.3.1"
  
  cli-highlight@^2.1.4:
    version "2.1.10"
    resolved "http://192.168.242.40:4873/cli-highlight/-/cli-highlight-2.1.10.tgz#26a087da9209dce4fcb8cf5427dc97cd96ac173a"
    integrity sha1-JqCH2pIJ3OT8uM9UJ9yXzZasFzo=
    dependencies:
      chalk "^4.0.0"
      highlight.js "^10.0.0"
      mz "^2.4.0"
      parse5 "^5.1.1"
      parse5-htmlparser2-tree-adapter "^6.0.0"
      yargs "^16.0.0"
  
  cliui@^7.0.2:
    version "7.0.4"
    resolved "http://192.168.242.40:4873/cliui/-/cliui-7.0.4.tgz#a0265ee655476fc807aea9df3df8df7783808b4f"
    integrity sha1-oCZe5lVHb8gHrqnfPfjfd4OAi08=
    dependencies:
      string-width "^4.2.0"
      strip-ansi "^6.0.0"
      wrap-ansi "^7.0.0"
  
  color-convert@^1.9.0:
    version "1.9.3"
    resolved "http://192.168.242.40:4873/color-convert/-/color-convert-1.9.3.tgz#bb71850690e1f136567de629d2d5471deda4c1e8"
    integrity sha1-u3GFBpDh8TZWfeYp0tVHHe2kweg=
    dependencies:
      color-name "1.1.3"
  
  color-convert@^2.0.1:
    version "2.0.1"
    resolved "http://192.168.242.40:4873/color-convert/-/color-convert-2.0.1.tgz#72d3a68d598c9bdb3af2ad1e84f21d896abd4de3"
    integrity sha1-ctOmjVmMm9s68q0ehPIdiWq9TeM=
    dependencies:
      color-name "~1.1.4"
  
  color-name@1.1.3:
    version "1.1.3"
    resolved "http://192.168.242.40:4873/color-name/-/color-name-1.1.3.tgz#a7d0558bd89c42f795dd42328f740831ca53bc25"
    integrity sha1-p9BVi9icQveV3UIyj3QIMcpTvCU=
  
  color-name@~1.1.4:
    version "1.1.4"
    resolved "http://192.168.242.40:4873/color-name/-/color-name-1.1.4.tgz#c2a09a87acbde69543de6f63fa3995c826c536a2"
    integrity sha1-wqCah6y95pVD3m9j+jmVyCbFNqI=
  
  colorette@^1.2.1:
    version "1.2.1"
    resolved "http://192.168.242.40:4873/colorette/-/colorette-1.2.1.tgz#4d0b921325c14faf92633086a536db6e89564b1b"
    integrity sha1-TQuSEyXBT6+SYzCGpTbbbolWSxs=
  
  commander@^6.1.0:
    version "6.2.1"
    resolved "http://192.168.242.40:4873/commander/-/commander-6.2.1.tgz#0792eb682dfbc325999bb2b84fddddba110ac73c"
    integrity sha1-B5LraC37wyWZm7K4T93duhEKxzw=
  
  concat-map@0.0.1:
    version "0.0.1"
    resolved "http://192.168.242.40:4873/concat-map/-/concat-map-0.0.1.tgz#d8a96bd77fd68df7793a73036a3ba0d5405d477b"
    integrity sha1-2Klr13/Wjfd5OnMDajug1UBdR3s=
  
  consolidate@^0.16.0:
    version "0.16.0"
    resolved "http://192.168.242.40:4873/consolidate/-/consolidate-0.16.0.tgz#a11864768930f2f19431660a65906668f5fbdc16"
    integrity sha1-oRhkdokw8vGUMWYKZZBmaPX73BY=
    dependencies:
      bluebird "^3.7.2"
  
  convert-source-map@^1.7.0:
    version "1.7.0"
    resolved "http://192.168.242.40:4873/convert-source-map/-/convert-source-map-1.7.0.tgz#17a2cb882d7f77d3490585e2ce6c524424a3a442"
    integrity sha1-F6LLiC1/d9NJBYXizmxSRCSjpEI=
    dependencies:
      safe-buffer "~5.1.1"
  
  cookie@^0.4.1:
    version "0.4.1"
    resolved "http://192.168.242.40:4873/cookie/-/cookie-0.4.1.tgz#afd713fe26ebd21ba95ceb61f9a8116e50a537d1"
    integrity sha1-r9cT/ibr0hupXOth+agRblClN9E=
  
  copy-anything@^2.0.1:
    version "2.0.3"
    resolved "http://192.168.242.40:4873/copy-anything/-/copy-anything-2.0.3.tgz#842407ba02466b0df844819bbe3baebbe5d45d87"
    integrity sha1-hCQHugJGaw34RIGbvjuuu+XUXYc=
    dependencies:
      is-what "^3.12.0"
  
  css-parse@~2.0.0:
    version "2.0.0"
    resolved "http://192.168.242.40:4873/css-parse/-/css-parse-2.0.0.tgz#a468ee667c16d81ccf05c58c38d2a97c780dbfd4"
    integrity sha1-pGjuZnwW2BzPBcWMONKpfHgNv9Q=
    dependencies:
      css "^2.0.0"
  
  css@^2.0.0:
    version "2.2.4"
    resolved "http://192.168.242.40:4873/css/-/css-2.2.4.tgz#c646755c73971f2bba6a601e2cf2fd71b1298929"
    integrity sha1-xkZ1XHOXHyu6amAeLPL9cbEpiSk=
    dependencies:
      inherits "^2.0.3"
      source-map "^0.6.1"
      source-map-resolve "^0.5.2"
      urix "^0.1.0"
  
  cssesc@^3.0.0:
    version "3.0.0"
    resolved "http://192.168.242.40:4873/cssesc/-/cssesc-3.0.0.tgz#37741919903b868565e1c09ea747445cd18983ee"
    integrity sha1-N3QZGZA7hoVl4cCep0dEXNGJg+4=
  
  csstype@^2.6.8:
    version "2.6.15"
    resolved "http://192.168.242.40:4873/csstype/-/csstype-2.6.15.tgz#655901663db1d652f10cb57ac6af5a05972aea1f"
    integrity sha1-ZVkBZj2x1lLxDLV6xq9aBZcq6h8=
  
  dayjs@1.x:
    version "1.10.4"
    resolved "http://192.168.242.40:4873/dayjs/-/dayjs-1.10.4.tgz#8e544a9b8683f61783f570980a8a80eaf54ab1e2"
    integrity sha1-jlRKm4aD9heD9XCYCoqA6vVKseI=
  
  de-indent@^1.0.2:
    version "1.0.2"
    resolved "http://192.168.242.40:4873/de-indent/-/de-indent-1.0.2.tgz#b2038e846dc33baa5796128d0804b455b8c1e21d"
    integrity sha1-sgOOhG3DO6pXlhKNCAS0VbjB4h0=
  
  debug@4, debug@^4.1.0:
    version "4.3.1"
    resolved "http://192.168.242.40:4873/debug/-/debug-4.3.1.tgz#f0d229c505e0c6d8c49ac553d1b13dc183f6b2ee"
    integrity sha1-8NIpxQXgxtjEmsVT0bE9wYP2su4=
    dependencies:
      ms "2.1.2"
  
  debug@^3.2.6:
    version "3.2.7"
    resolved "http://192.168.242.40:4873/debug/-/debug-3.2.7.tgz#72580b7e9145fb39b6676f9c5e5fb100b934179a"
    integrity sha1-clgLfpFF+zm2Z2+cXl+xALk0F5o=
    dependencies:
      ms "^2.1.1"
  
  debug@~3.1.0:
    version "3.1.0"
    resolved "http://192.168.242.40:4873/debug/-/debug-3.1.0.tgz#5bb5a0672628b64149566ba16819e61518c67261"
    integrity sha1-W7WgZyYotkFJVmuhaBnmFRjGcmE=
    dependencies:
      ms "2.0.0"
  
  decode-uri-component@^0.2.0:
    version "0.2.0"
    resolved "http://192.168.242.40:4873/decode-uri-component/-/decode-uri-component-0.2.0.tgz#eb3913333458775cb84cd1a1fae062106bb87545"
    integrity sha1-6zkTMzRYd1y4TNGh+uBiEGu4dUU=
  
  dot-case@^3.0.4:
    version "3.0.4"
    resolved "http://192.168.242.40:4873/dot-case/-/dot-case-3.0.4.tgz#9b2b670d00a431667a8a75ba29cd1b98809ce751"
    integrity sha1-mytnDQCkMWZ6inW6Kc0bmICc51E=
    dependencies:
      no-case "^3.0.4"
      tslib "^2.0.3"
  
  electron-to-chromium@^1.3.649:
    version "1.3.671"
    resolved "http://192.168.242.40:4873/electron-to-chromium/-/electron-to-chromium-1.3.671.tgz#8feaed6eae42d279fa4611f58c42a5a1eb81b2a0"
    integrity sha1-j+rtbq5C0nn6RhH1jEKloeuBsqA=
  
  element-plus@^1.0.2-beta.32:
    version "1.0.2-beta.32"
    resolved "http://192.168.242.40:4873/element-plus/-/element-plus-1.0.2-beta.32.tgz#228975cfc2255993ef7ccd90238cea9a707f0742"
    integrity sha1-Iol1z8IlWZPvfM2QI4zqmnB/B0I=
    dependencies:
      "@popperjs/core" "^2.4.4"
      async-validator "^3.4.0"
      dayjs "1.x"
      lodash "^4.17.20"
      mitt "^2.1.0"
      normalize-wheel "^1.0.1"
      resize-observer-polyfill "^1.5.1"
  
  emoji-regex@^8.0.0:
    version "8.0.0"
    resolved "http://192.168.242.40:4873/emoji-regex/-/emoji-regex-8.0.0.tgz#e818fd69ce5ccfcb404594f842963bf53164cc37"
    integrity sha1-6Bj9ac5cz8tARZT4QpY79TFkzDc=
  
  emojis-list@^3.0.0:
    version "3.0.0"
    resolved "http://192.168.242.40:4873/emojis-list/-/emojis-list-3.0.0.tgz#5570662046ad29e2e916e71aae260abdff4f6a78"
    integrity sha1-VXBmIEatKeLpFucariYKvf9Pang=
  
  errno@^0.1.1:
    version "0.1.8"
    resolved "http://192.168.242.40:4873/errno/-/errno-0.1.8.tgz#8bb3e9c7d463be4976ff888f76b4809ebc2e811f"
    integrity sha1-i7Ppx9Rjvkl2/4iPdrSAnrwugR8=
    dependencies:
      prr "~1.0.1"
  
  esbuild@^0.8.47:
    version "0.8.51"
    resolved "http://192.168.242.40:4873/esbuild/-/esbuild-0.8.51.tgz#1a59f1fee34892f143b7009081f9b4901a564b93"
    integrity sha1-Glnx/uNIkvFDtwCQgfm0kBpWS5M=
  
  escalade@^3.1.1:
    version "3.1.1"
    resolved "http://192.168.242.40:4873/escalade/-/escalade-3.1.1.tgz#d8cfdc7000965c5a0174b4a82eaa5c0552742e40"
    integrity sha1-2M/ccACWXFoBdLSoLqpcBVJ0LkA=
  
  escape-string-regexp@^1.0.5:
    version "1.0.5"
    resolved "http://192.168.242.40:4873/escape-string-regexp/-/escape-string-regexp-1.0.5.tgz#1b61c0562190a8dff6ae3bb2cf0200ca130b86d4"
    integrity sha1-G2HAViGQqN/2rjuyzwIAyhMLhtQ=
  
  estree-walker@^2.0.1:
    version "2.0.2"
    resolved "http://192.168.242.40:4873/estree-walker/-/estree-walker-2.0.2.tgz#52f010178c2a4c117a7757cfe942adb7d2da4cac"
    integrity sha1-UvAQF4wqTBF6d1fP6UKtt9LaTKw=
  
  fast-glob@^3.2.4:
    version "3.2.5"
    resolved "http://192.168.242.40:4873/fast-glob/-/fast-glob-3.2.5.tgz#7939af2a656de79a4f1901903ee8adcaa7cb9661"
    integrity sha1-eTmvKmVt55pPGQGQPuityqfLlmE=
    dependencies:
      "@nodelib/fs.stat" "^2.0.2"
      "@nodelib/fs.walk" "^1.2.3"
      glob-parent "^5.1.0"
      merge2 "^1.3.0"
      micromatch "^4.0.2"
      picomatch "^2.2.1"
  
  fastq@^1.6.0:
    version "1.10.1"
    resolved "http://192.168.242.40:4873/fastq/-/fastq-1.10.1.tgz#8b8f2ac8bf3632d67afcd65dac248d5fdc45385e"
    integrity sha1-i48qyL82MtZ6/NZdrCSNX9xFOF4=
    dependencies:
      reusify "^1.0.4"
  
  fill-range@^7.0.1:
    version "7.0.1"
    resolved "http://192.168.242.40:4873/fill-range/-/fill-range-7.0.1.tgz#1919a6a7c75fe38b2c7c77e5198535da9acdda40"
    integrity sha1-GRmmp8df44ssfHflGYU12prN2kA=
    dependencies:
      to-regex-range "^5.0.1"
  
  follow-redirects@^1.10.0:
    version "1.13.2"
    resolved "http://192.168.242.40:4873/follow-redirects/-/follow-redirects-1.13.2.tgz#dd73c8effc12728ba5cf4259d760ea5fb83e3147"
    integrity sha1-3XPI7/wScoulz0JZ12DqX7g+MUc=
  
  fraction.js@^4.0.13:
    version "4.0.13"
    resolved "http://192.168.242.40:4873/fraction.js/-/fraction.js-4.0.13.tgz#3c1c315fa16b35c85fffa95725a36fa729c69dfe"
    integrity sha1-PBwxX6FrNchf/6lXJaNvpynGnf4=
  
  fs.realpath@^1.0.0:
    version "1.0.0"
    resolved "http://192.168.242.40:4873/fs.realpath/-/fs.realpath-1.0.0.tgz#1504ad2523158caa40db4a2787cb01411994ea4f"
    integrity sha1-FQStJSMVjKpA20onh8sBQRmU6k8=
  
  fsevents@~2.3.1:
    version "2.3.2"
    resolved "http://192.168.242.40:4873/fsevents/-/fsevents-2.3.2.tgz#8a526f78b8fdf4623b709e0b975c52c24c02fd1a"
    integrity sha1-ilJveLj99GI7cJ4Ll1xSwkwC/Ro=
  
  function-bind@^1.1.1:
    version "1.1.1"
    resolved "http://192.168.242.40:4873/function-bind/-/function-bind-1.1.1.tgz#a56899d3ea3c9bab874bb9773b7c5ede92f4895d"
    integrity sha1-pWiZ0+o8m6uHS7l3O3xe3pL0iV0=
  
  generic-names@^2.0.1:
    version "2.0.1"
    resolved "http://192.168.242.40:4873/generic-names/-/generic-names-2.0.1.tgz#f8a378ead2ccaa7a34f0317b05554832ae41b872"
    integrity sha1-+KN46tLMqno08DF7BVVIMq5BuHI=
    dependencies:
      loader-utils "^1.1.0"
  
  gensync@^1.0.0-beta.1:
    version "1.0.0-beta.2"
    resolved "http://192.168.242.40:4873/gensync/-/gensync-1.0.0-beta.2.tgz#32a6ee76c3d7f52d46b2b1ae5d93fea8580a25e0"
    integrity sha1-MqbudsPX9S1GsrGuXZP+qFgKJeA=
  
  get-caller-file@^2.0.5:
    version "2.0.5"
    resolved "http://192.168.242.40:4873/get-caller-file/-/get-caller-file-2.0.5.tgz#4f94412a82db32f36e3b0b9741f8a97feb031f7e"
    integrity sha1-T5RBKoLbMvNuOwuXQfipf+sDH34=
  
  glob-parent@^5.1.0, glob-parent@~5.1.0:
    version "5.1.1"
    resolved "http://192.168.242.40:4873/glob-parent/-/glob-parent-5.1.1.tgz#b6c1ef417c4e5663ea498f1c45afac6916bbc229"
    integrity sha1-tsHvQXxOVmPqSY8cRa+saRa7wik=
    dependencies:
      is-glob "^4.0.1"
  
  glob@^7.1.6:
    version "7.1.6"
    resolved "http://192.168.242.40:4873/glob/-/glob-7.1.6.tgz#141f33b81a7c2492e125594307480c46679278a6"
    integrity sha1-FB8zuBp8JJLhJVlDB0gMRmeSeKY=
    dependencies:
      fs.realpath "^1.0.0"
      inflight "^1.0.4"
      inherits "2"
      minimatch "^3.0.4"
      once "^1.3.0"
      path-is-absolute "^1.0.0"
  
  globals@^11.1.0:
    version "11.12.0"
    resolved "http://192.168.242.40:4873/globals/-/globals-11.12.0.tgz#ab8795338868a0babd8525758018c2a7eb95c42e"
    integrity sha1-q4eVM4hooLq9hSV1gBjCp+uVxC4=
  
  graceful-fs@^4.1.2:
    version "4.2.6"
    resolved "http://192.168.242.40:4873/graceful-fs/-/graceful-fs-4.2.6.tgz#ff040b2b0853b23c3d31027523706f1885d76bee"
    integrity sha1-/wQLKwhTsjw9MQJ1I3BvGIXXa+4=
  
  has-flag@^3.0.0:
    version "3.0.0"
    resolved "http://192.168.242.40:4873/has-flag/-/has-flag-3.0.0.tgz#b5d454dc2199ae225699f3467e5a07f3b955bafd"
    integrity sha1-tdRU3CGZriJWmfNGfloH87lVuv0=
  
  has-flag@^4.0.0:
    version "4.0.0"
    resolved "http://192.168.242.40:4873/has-flag/-/has-flag-4.0.0.tgz#944771fd9c81c81265c4d6941860da06bb59479b"
    integrity sha1-lEdx/ZyByBJlxNaUGGDaBrtZR5s=
  
  has@^1.0.3:
    version "1.0.3"
    resolved "http://192.168.242.40:4873/has/-/has-1.0.3.tgz#722d7cbfc1f6aa8241f16dd814e011e1f41e8796"
    integrity sha1-ci18v8H2qoJB8W3YFOAR4fQeh5Y=
    dependencies:
      function-bind "^1.1.1"
  
  hash-sum@^2.0.0:
    version "2.0.0"
    resolved "http://192.168.242.40:4873/hash-sum/-/hash-sum-2.0.0.tgz#81d01bb5de8ea4a214ad5d6ead1b523460b0b45a"
    integrity sha1-gdAbtd6OpKIUrV1urRtSNGCwtFo=
  
  highlight.js@^10.0.0:
    version "10.6.0"
    resolved "http://192.168.242.40:4873/highlight.js/-/highlight.js-10.6.0.tgz#0073aa71d566906965ba6e1b7be7b2682f5e18b6"
    integrity sha1-AHOqcdVmkGllum4be+eyaC9eGLY=
  
  https-proxy-agent@^5.0.0:
    version "5.0.0"
    resolved "http://192.168.242.40:4873/https-proxy-agent/-/https-proxy-agent-5.0.0.tgz#e2a90542abb68a762e0a0850f6c9edadfd8506b2"
    integrity sha1-4qkFQqu2inYuCghQ9sntrf2FBrI=
    dependencies:
      agent-base "6"
      debug "4"
  
  iconv-lite@^0.4.4:
    version "0.4.24"
    resolved "http://192.168.242.40:4873/iconv-lite/-/iconv-lite-0.4.24.tgz#2022b4b25fbddc21d2f524974a474aafe733908b"
    integrity sha1-ICK0sl+93CHS9SSXSkdKr+czkIs=
    dependencies:
      safer-buffer ">= 2.1.2 < 3"
  
  icss-replace-symbols@^1.1.0:
    version "1.1.0"
    resolved "http://192.168.242.40:4873/icss-replace-symbols/-/icss-replace-symbols-1.1.0.tgz#06ea6f83679a7749e386cfe1fe812ae5db223ded"
    integrity sha1-Bupvg2ead0njhs/h/oEq5dsiPe0=
  
  icss-utils@^4.0.0, icss-utils@^4.1.1:
    version "4.1.1"
    resolved "http://192.168.242.40:4873/icss-utils/-/icss-utils-4.1.1.tgz#21170b53789ee27447c2f47dd683081403f9a467"
    integrity sha1-IRcLU3ie4nRHwvR91oMIFAP5pGc=
    dependencies:
      postcss "^7.0.14"
  
  image-size@~0.5.0:
    version "0.5.5"
    resolved "http://192.168.242.40:4873/image-size/-/image-size-0.5.5.tgz#09dfd4ab9d20e29eb1c3e80b8990378df9e3cb9c"
    integrity sha1-Cd/Uq50g4p6xw+gLiZA3jfnjy5w=
  
  indexes-of@^1.0.1:
    version "1.0.1"
    resolved "http://192.168.242.40:4873/indexes-of/-/indexes-of-1.0.1.tgz#f30f716c8e2bd346c7b67d3df3915566a7c05607"
    integrity sha1-8w9xbI4r00bHtn0985FVZqfAVgc=
  
  inflight@^1.0.4:
    version "1.0.6"
    resolved "http://192.168.242.40:4873/inflight/-/inflight-1.0.6.tgz#49bd6331d7d02d0c09bc910a1075ba8165b56df9"
    integrity sha1-Sb1jMdfQLQwJvJEKEHW6gWW1bfk=
    dependencies:
      once "^1.3.0"
      wrappy "1"
  
  inherits@2, inherits@^2.0.3:
    version "2.0.4"
    resolved "http://192.168.242.40:4873/inherits/-/inherits-2.0.4.tgz#0fa2c64f932917c3433a0ded55363aae37416b7c"
    integrity sha1-D6LGT5MpF8NDOg3tVTY6rjdBa3w=
  
  is-binary-path@~2.1.0:
    version "2.1.0"
    resolved "http://192.168.242.40:4873/is-binary-path/-/is-binary-path-2.1.0.tgz#ea1f7f3b80f064236e83470f86c09c254fb45b09"
    integrity sha1-6h9/O4DwZCNug0cPhsCcJU+0Wwk=
    dependencies:
      binary-extensions "^2.0.0"
  
  is-core-module@^2.2.0:
    version "2.2.0"
    resolved "http://192.168.242.40:4873/is-core-module/-/is-core-module-2.2.0.tgz#97037ef3d52224d85163f5597b2b63d9afed981a"
    integrity sha1-lwN+89UiJNhRY/VZeytj2a/tmBo=
    dependencies:
      has "^1.0.3"
  
  is-extglob@^2.1.1:
    version "2.1.1"
    resolved "http://192.168.242.40:4873/is-extglob/-/is-extglob-2.1.1.tgz#a88c02535791f02ed37c76a1b9ea9773c833f8c2"
    integrity sha1-qIwCU1eR8C7TfHahueqXc8gz+MI=
  
  is-fullwidth-code-point@^3.0.0:
    version "3.0.0"
    resolved "http://192.168.242.40:4873/is-fullwidth-code-point/-/is-fullwidth-code-point-3.0.0.tgz#f116f8064fe90b3f7844a38997c0b75051269f1d"
    integrity sha1-8Rb4Bk/pCz94RKOJl8C3UFEmnx0=
  
  is-glob@^4.0.1, is-glob@~4.0.1:
    version "4.0.1"
    resolved "http://192.168.242.40:4873/is-glob/-/is-glob-4.0.1.tgz#7567dbe9f2f5e2467bc77ab83c4a29482407a5dc"
    integrity sha1-dWfb6fL14kZ7x3q4PEopSCQHpdw=
    dependencies:
      is-extglob "^2.1.1"
  
  is-number@^7.0.0:
    version "7.0.0"
    resolved "http://192.168.242.40:4873/is-number/-/is-number-7.0.0.tgz#7535345b896734d5f80c4d06c50955527a14f12b"
    integrity sha1-dTU0W4lnNNX4DE0GxQlVUnoU8Ss=
  
  is-what@^3.12.0:
    version "3.14.1"
    resolved "http://192.168.242.40:4873/is-what/-/is-what-3.14.1.tgz#e1222f46ddda85dead0fd1c9df131760e77755c1"
    integrity sha1-4SIvRt3ahd6tD9HJ3xMXYOd3VcE=
  
  js-tokens@^4.0.0:
    version "4.0.0"
    resolved "http://192.168.242.40:4873/js-tokens/-/js-tokens-4.0.0.tgz#19203fb59991df98e3a287050d4647cdeaf32499"
    integrity sha1-GSA/tZmR35jjoocFDUZHzerzJJk=
  
  jsesc@^2.5.1:
    version "2.5.2"
    resolved "http://192.168.242.40:4873/jsesc/-/jsesc-2.5.2.tgz#80564d2e483dacf6e8ef209650a67df3f0c283a4"
    integrity sha1-gFZNLkg9rPbo7yCWUKZ98/DCg6Q=
  
  json5@^1.0.1:
    version "1.0.1"
    resolved "http://192.168.242.40:4873/json5/-/json5-1.0.1.tgz#779fb0018604fa854eacbf6252180d83543e3dbe"
    integrity sha1-d5+wAYYE+oVOrL9iUhgNg1Q+Pb4=
    dependencies:
      minimist "^1.2.0"
  
  json5@^2.1.2, json5@^2.1.3:
    version "2.2.0"
    resolved "http://192.168.242.40:4873/json5/-/json5-2.2.0.tgz#2dfefe720c6ba525d9ebd909950f0515316c89a3"
    integrity sha1-Lf7+cgxrpSXZ69kJlQ8FFTFsiaM=
    dependencies:
      minimist "^1.2.5"
  
  less@^4.1.1:
    version "4.1.1"
    resolved "http://192.168.242.40:4873/less/-/less-4.1.1.tgz#15bf253a9939791dc690888c3ff424f3e6c7edba"
    integrity sha1-Fb8lOpk5eR3GkIiMP/Qk8+bH7bo=
    dependencies:
      copy-anything "^2.0.1"
      parse-node-version "^1.0.1"
      tslib "^1.10.0"
    optionalDependencies:
      errno "^0.1.1"
      graceful-fs "^4.1.2"
      image-size "~0.5.0"
      make-dir "^2.1.0"
      mime "^1.4.1"
      needle "^2.5.2"
      source-map "~0.6.0"
  
  loader-utils@^1.1.0:
    version "1.4.0"
    resolved "http://192.168.242.40:4873/loader-utils/-/loader-utils-1.4.0.tgz#c579b5e34cb34b1a74edc6c1fb36bfa371d5a613"
    integrity sha1-xXm140yzSxp07cbB+za/o3HVphM=
    dependencies:
      big.js "^5.2.2"
      emojis-list "^3.0.0"
      json5 "^1.0.1"
  
  lodash.camelcase@^4.3.0:
    version "4.3.0"
    resolved "http://192.168.242.40:4873/lodash.camelcase/-/lodash.camelcase-4.3.0.tgz#b28aa6288a2b9fc651035c7711f65ab6190331a6"
    integrity sha1-soqmKIorn8ZRA1x3EfZathkDMaY=
  
  lodash@^4.17.19, lodash@^4.17.20:
    version "4.17.20"
    resolved "http://192.168.242.40:4873/lodash/-/lodash-4.17.20.tgz#b44a9b6297bcb698f1c51a3545a2b3b368d59c52"
    integrity sha1-tEqbYpe8tpjxxRo1RaKzs2jVnFI=
  
  lower-case@^2.0.2:
    version "2.0.2"
    resolved "http://192.168.242.40:4873/lower-case/-/lower-case-2.0.2.tgz#6fa237c63dbdc4a82ca0fd882e4722dc5e634e28"
    integrity sha1-b6I3xj29xKgsoP2ILkci3F5jTig=
    dependencies:
      tslib "^2.0.3"
  
  lru-cache@^5.1.1:
    version "5.1.1"
    resolved "http://192.168.242.40:4873/lru-cache/-/lru-cache-5.1.1.tgz#1da27e6710271947695daf6848e847f01d84b920"
    integrity sha1-HaJ+ZxAnGUdpXa9oSOhH8B2EuSA=
    dependencies:
      yallist "^3.0.2"
  
  lru-cache@^6.0.0:
    version "6.0.0"
    resolved "http://192.168.242.40:4873/lru-cache/-/lru-cache-6.0.0.tgz#6d6fe6570ebd96aaf90fcad1dafa3b2566db3a94"
    integrity sha1-bW/mVw69lqr5D8rR2vo7JWbbOpQ=
    dependencies:
      yallist "^4.0.0"
  
  lru_map@^0.3.3:
    version "0.3.3"
    resolved "http://192.168.242.40:4873/lru_map/-/lru_map-0.3.3.tgz#b5c8351b9464cbd750335a79650a0ec0e56118dd"
    integrity sha1-tcg1G5Rky9dQM1p5ZQoOwOVhGN0=
  
  magic-string@^0.25.7:
    version "0.25.7"
    resolved "http://192.168.242.40:4873/magic-string/-/magic-string-0.25.7.tgz#3f497d6fd34c669c6798dcb821f2ef31f5445051"
    integrity sha1-P0l9b9NMZpxnmNy4IfLvMfVEUFE=
    dependencies:
      sourcemap-codec "^1.4.4"
  
  make-dir@^2.1.0:
    version "2.1.0"
    resolved "http://192.168.242.40:4873/make-dir/-/make-dir-2.1.0.tgz#5f0310e18b8be898cc07009295a30ae41e91e6f5"
    integrity sha1-XwMQ4YuL6JjMBwCSlaMK5B6R5vU=
    dependencies:
      pify "^4.0.1"
      semver "^5.6.0"
  
  merge-source-map@^1.1.0:
    version "1.1.0"
    resolved "http://192.168.242.40:4873/merge-source-map/-/merge-source-map-1.1.0.tgz#2fdde7e6020939f70906a68f2d7ae685e4c8c646"
    integrity sha1-L93n5gIJOfcJBqaPLXrmheTIxkY=
    dependencies:
      source-map "^0.6.1"
  
  merge2@^1.3.0:
    version "1.4.1"
    resolved "http://192.168.242.40:4873/merge2/-/merge2-1.4.1.tgz#4368892f885e907455a6fd7dc55c0c9d404990ae"
    integrity sha1-Q2iJL4hekHRVpv19xVwMnUBJkK4=
  
  micromatch@^4.0.2:
    version "4.0.2"
    resolved "http://192.168.242.40:4873/micromatch/-/micromatch-4.0.2.tgz#4fcb0999bf9fbc2fcbdd212f6d629b9a56c39259"
    integrity sha1-T8sJmb+fvC/L3SEvbWKbmlbDklk=
    dependencies:
      braces "^3.0.1"
      picomatch "^2.0.5"
  
  mime@^1.4.1:
    version "1.6.0"
    resolved "http://192.168.242.40:4873/mime/-/mime-1.6.0.tgz#32cd9e5c64553bd58d19a568af452acff04981b1"
    integrity sha1-Ms2eXGRVO9WNGaVor0Uqz/BJgbE=
  
  minimatch@^3.0.4:
    version "3.0.4"
    resolved "http://192.168.242.40:4873/minimatch/-/minimatch-3.0.4.tgz#5166e286457f03306064be5497e8dbb0c3d32083"
    integrity sha1-UWbihkV/AzBgZL5Ul+jbsMPTIIM=
    dependencies:
      brace-expansion "^1.1.7"
  
  minimist@^1.2.0, minimist@^1.2.5:
    version "1.2.5"
    resolved "http://192.168.242.40:4873/minimist/-/minimist-1.2.5.tgz#67d66014b66a6a8aaa0c083c5fd58df4e4e97602"
    integrity sha1-Z9ZgFLZqaoqqDAg8X9WN9OTpdgI=
  
  mitt@^2.1.0:
    version "2.1.0"
    resolved "http://192.168.242.40:4873/mitt/-/mitt-2.1.0.tgz#f740577c23176c6205b121b2973514eade1b2230"
    integrity sha1-90BXfCMXbGIFsSGylzUU6t4bIjA=
  
  mkdirp@~1.0.4:
    version "1.0.4"
    resolved "http://192.168.242.40:4873/mkdirp/-/mkdirp-1.0.4.tgz#3eb5ed62622756d79a5f0e2a221dfebad75c2f7e"
    integrity sha1-PrXtYmInVteaXw4qIh3+utdcL34=
  
  ms@2.0.0:
    version "2.0.0"
    resolved "http://192.168.242.40:4873/ms/-/ms-2.0.0.tgz#5608aeadfc00be6c2901df5f9861788de0d597c8"
    integrity sha1-VgiurfwAvmwpAd9fmGF4jeDVl8g=
  
  ms@2.1.2:
    version "2.1.2"
    resolved "http://192.168.242.40:4873/ms/-/ms-2.1.2.tgz#d09d1f357b443f493382a8eb3ccd183872ae6009"
    integrity sha1-0J0fNXtEP0kzgqjrPM0YOHKuYAk=
  
  ms@^2.1.1:
    version "2.1.3"
    resolved "http://192.168.242.40:4873/ms/-/ms-2.1.3.tgz#574c8138ce1d2b5861f0b44579dbadd60c6615b2"
    integrity sha1-V0yBOM4dK1hh8LRFedut1gxmFbI=
  
  mz@^2.4.0:
    version "2.7.0"
    resolved "http://192.168.242.40:4873/mz/-/mz-2.7.0.tgz#95008057a56cafadc2bc63dde7f9ff6955948e32"
    integrity sha1-lQCAV6Vsr63CvGPd5/n/aVWUjjI=
    dependencies:
      any-promise "^1.0.0"
      object-assign "^4.0.1"
      thenify-all "^1.0.0"
  
  nanoid@^3.1.20:
    version "3.1.20"
    resolved "http://192.168.242.40:4873/nanoid/-/nanoid-3.1.20.tgz#badc263c6b1dcf14b71efaa85f6ab4c1d6cfc788"
    integrity sha1-utwmPGsdzxS3HvqoX2q0wdbPx4g=
  
  needle@^2.5.2:
    version "2.6.0"
    resolved "http://192.168.242.40:4873/needle/-/needle-2.6.0.tgz#24dbb55f2509e2324b4a99d61f413982013ccdbe"
    integrity sha1-JNu1XyUJ4jJLSpnWH0E5ggE8zb4=
    dependencies:
      debug "^3.2.6"
      iconv-lite "^0.4.4"
      sax "^1.2.4"
  
  no-case@^3.0.4:
    version "3.0.4"
    resolved "http://192.168.242.40:4873/no-case/-/no-case-3.0.4.tgz#d361fd5c9800f558551a8369fc0dcd4662b6124d"
    integrity sha1-02H9XJgA9VhVGoNp/A3NRmK2Ek0=
    dependencies:
      lower-case "^2.0.2"
      tslib "^2.0.3"
  
  node-releases@^1.1.70:
    version "1.1.70"
    resolved "http://192.168.242.40:4873/node-releases/-/node-releases-1.1.70.tgz#66e0ed0273aa65666d7fe78febe7634875426a08"
    integrity sha1-ZuDtAnOqZWZtf+eP6+djSHVCagg=
  
  node-unique-machine-id@^1.1.0:
    version "1.1.0"
    resolved "http://192.168.242.40:4873/node-unique-machine-id/-/node-unique-machine-id-1.1.0.tgz#dbd9351da927cfc0e85a663a55e8644da384b746"
    integrity sha1-29k1Haknz8DoWmY6VehkTaOEt0Y=
    dependencies:
      uuid "^3.3.3"
  
  normalize-path@^3.0.0, normalize-path@~3.0.0:
    version "3.0.0"
    resolved "http://192.168.242.40:4873/normalize-path/-/normalize-path-3.0.0.tgz#0dcd69ff23a1c9b11fd0978316644a0388216a65"
    integrity sha1-Dc1p/yOhybEf0JeDFmRKA4ghamU=
  
  normalize-range@^0.1.2:
    version "0.1.2"
    resolved "http://192.168.242.40:4873/normalize-range/-/normalize-range-0.1.2.tgz#2d10c06bdfd312ea9777695a4d28439456b75942"
    integrity sha1-LRDAa9/TEuqXd2laTShDlFa3WUI=
  
  normalize-wheel@^1.0.1:
    version "1.0.1"
    resolved "http://192.168.242.40:4873/normalize-wheel/-/normalize-wheel-1.0.1.tgz#aec886affdb045070d856447df62ecf86146ec45"
    integrity sha1-rsiGr/2wRQcNhWRH32Ls+GFG7EU=
  
  object-assign@>=4.0.1, object-assign@^4.0.1:
    version "4.1.1"
    resolved "http://192.168.242.40:4873/object-assign/-/object-assign-4.1.1.tgz#2109adc7965887cfc05cbbd442cac8bfbb360863"
    integrity sha1-IQmtx5ZYh8/AXLvUQsrIv7s2CGM=
  
  once@^1.3.0:
    version "1.4.0"
    resolved "http://192.168.242.40:4873/once/-/once-1.4.0.tgz#583b1aa775961d4b113ac17d9c50baef9dd76bd1"
    integrity sha1-WDsap3WWHUsROsF9nFC6753Xa9E=
    dependencies:
      wrappy "1"
  
  param-case@^3.0.4:
    version "3.0.4"
    resolved "http://192.168.242.40:4873/param-case/-/param-case-3.0.4.tgz#7d17fe4aa12bde34d4a77d91acfb6219caad01c5"
    integrity sha1-fRf+SqEr3jTUp32RrPtiGcqtAcU=
    dependencies:
      dot-case "^3.0.4"
      tslib "^2.0.3"
  
  parse-node-version@^1.0.1:
    version "1.0.1"
    resolved "http://192.168.242.40:4873/parse-node-version/-/parse-node-version-1.0.1.tgz#e2b5dbede00e7fa9bc363607f53327e8b073189b"
    integrity sha1-4rXb7eAOf6m8NjYH9TMn6LBzGJs=
  
  parse5-htmlparser2-tree-adapter@^6.0.0:
    version "6.0.1"
    resolved "http://192.168.242.40:4873/parse5-htmlparser2-tree-adapter/-/parse5-htmlparser2-tree-adapter-6.0.1.tgz#2cdf9ad823321140370d4dbf5d3e92c7c8ddc6e6"
    integrity sha1-LN+a2CMyEUA3DU2/XT6Sx8jdxuY=
    dependencies:
      parse5 "^6.0.1"
  
  parse5@^5.1.1:
    version "5.1.1"
    resolved "http://192.168.242.40:4873/parse5/-/parse5-5.1.1.tgz#f68e4e5ba1852ac2cadc00f4555fff6c2abb6178"
    integrity sha1-9o5OW6GFKsLK3AD0VV//bCq7YXg=
  
  parse5@^6.0.1:
    version "6.0.1"
    resolved "http://192.168.242.40:4873/parse5/-/parse5-6.0.1.tgz#e1a1c085c569b3dc08321184f19a39cc27f7c30b"
    integrity sha1-4aHAhcVps9wIMhGE8Zo5zCf3wws=
  
  path-is-absolute@^1.0.0:
    version "1.0.1"
    resolved "http://192.168.242.40:4873/path-is-absolute/-/path-is-absolute-1.0.1.tgz#174b9268735534ffbc7ace6bf53a5a9e1b5c5f5f"
    integrity sha1-F0uSaHNVNP+8es5r9TpanhtcX18=
  
  path-parse@^1.0.6:
    version "1.0.6"
    resolved "http://192.168.242.40:4873/path-parse/-/path-parse-1.0.6.tgz#d62dbb5679405d72c4737ec58600e9ddcf06d24c"
    integrity sha1-1i27VnlAXXLEc37FhgDp3c8G0kw=
  
  picomatch@^2.0.4, picomatch@^2.0.5, picomatch@^2.2.1:
    version "2.2.2"
    resolved "http://192.168.242.40:4873/picomatch/-/picomatch-2.2.2.tgz#21f333e9b6b8eaff02468f5146ea406d345f4dad"
    integrity sha1-IfMz6ba46v8CRo9RRupAbTRfTa0=
  
  pify@^4.0.1:
    version "4.0.1"
    resolved "http://192.168.242.40:4873/pify/-/pify-4.0.1.tgz#4b2cd25c50d598735c50292224fd8c6df41e3231"
    integrity sha1-SyzSXFDVmHNcUCkiJP2MbfQeMjE=
  
  postcss-modules-extract-imports@^2.0.0:
    version "2.0.0"
    resolved "http://192.168.242.40:4873/postcss-modules-extract-imports/-/postcss-modules-extract-imports-2.0.0.tgz#818719a1ae1da325f9832446b01136eeb493cd7e"
    integrity sha1-gYcZoa4doyX5gyRGsBE27rSTzX4=
    dependencies:
      postcss "^7.0.5"
  
  postcss-modules-local-by-default@^3.0.2:
    version "3.0.3"
    resolved "http://192.168.242.40:4873/postcss-modules-local-by-default/-/postcss-modules-local-by-default-3.0.3.tgz#bb14e0cc78279d504dbdcbfd7e0ca28993ffbbb0"
    integrity sha1-uxTgzHgnnVBNvcv9fgyiiZP/u7A=
    dependencies:
      icss-utils "^4.1.1"
      postcss "^7.0.32"
      postcss-selector-parser "^6.0.2"
      postcss-value-parser "^4.1.0"
  
  postcss-modules-scope@^2.2.0:
    version "2.2.0"
    resolved "http://192.168.242.40:4873/postcss-modules-scope/-/postcss-modules-scope-2.2.0.tgz#385cae013cc7743f5a7d7602d1073a89eaae62ee"
    integrity sha1-OFyuATzHdD9afXYC0Qc6iequYu4=
    dependencies:
      postcss "^7.0.6"
      postcss-selector-parser "^6.0.0"
  
  postcss-modules-values@^3.0.0:
    version "3.0.0"
    resolved "http://192.168.242.40:4873/postcss-modules-values/-/postcss-modules-values-3.0.0.tgz#5b5000d6ebae29b4255301b4a3a54574423e7f10"
    integrity sha1-W1AA1uuuKbQlUwG0o6VFdEI+fxA=
    dependencies:
      icss-utils "^4.0.0"
      postcss "^7.0.6"
  
  postcss-modules@^3.2.2:
    version "3.2.2"
    resolved "http://192.168.242.40:4873/postcss-modules/-/postcss-modules-3.2.2.tgz#ee390de0f9f18e761e1778dfb9be26685c02c51f"
    integrity sha1-7jkN4PnxjnYeF3jfub4maFwCxR8=
    dependencies:
      generic-names "^2.0.1"
      icss-replace-symbols "^1.1.0"
      lodash.camelcase "^4.3.0"
      postcss "^7.0.32"
      postcss-modules-extract-imports "^2.0.0"
      postcss-modules-local-by-default "^3.0.2"
      postcss-modules-scope "^2.2.0"
      postcss-modules-values "^3.0.0"
      string-hash "^1.1.1"
  
  postcss-px-to-viewport@^1.1.1:
    version "1.1.1"
    resolved "http://192.168.242.40:4873/postcss-px-to-viewport/-/postcss-px-to-viewport-1.1.1.tgz#a25ca410b553c9892cc8b525cc710da47bf1aa55"
    integrity sha1-olykELVTyYksyLUlzHENpHvxqlU=
    dependencies:
      object-assign ">=4.0.1"
      postcss ">=5.0.2"
  
  postcss-selector-parser@^6.0.0, postcss-selector-parser@^6.0.2, postcss-selector-parser@^6.0.4:
    version "6.0.4"
    resolved "http://192.168.242.40:4873/postcss-selector-parser/-/postcss-selector-parser-6.0.4.tgz#56075a1380a04604c38b063ea7767a129af5c2b3"
    integrity sha1-VgdaE4CgRgTDiwY+p3Z6Epr1wrM=
    dependencies:
      cssesc "^3.0.0"
      indexes-of "^1.0.1"
      uniq "^1.0.1"
      util-deprecate "^1.0.2"
  
  postcss-value-parser@^4.1.0:
    version "4.1.0"
    resolved "http://192.168.242.40:4873/postcss-value-parser/-/postcss-value-parser-4.1.0.tgz#443f6a20ced6481a2bda4fa8532a6e55d789a2cb"
    integrity sha1-RD9qIM7WSBor2k+oUypuVdeJoss=
  
  postcss@>=5.0.2, postcss@^8.2.1, postcss@^8.2.6:
    version "8.2.6"
    resolved "http://192.168.242.40:4873/postcss/-/postcss-8.2.6.tgz#5d69a974543b45f87e464bc4c3e392a97d6be9fe"
    integrity sha1-XWmpdFQ7Rfh+RkvEw+OSqX1r6f4=
    dependencies:
      colorette "^1.2.1"
      nanoid "^3.1.20"
      source-map "^0.6.1"
  
  postcss@^7.0.14, postcss@^7.0.32, postcss@^7.0.5, postcss@^7.0.6:
    version "7.0.35"
    resolved "http://192.168.242.40:4873/postcss/-/postcss-7.0.35.tgz#d2be00b998f7f211d8a276974079f2e92b970e24"
    integrity sha1-0r4AuZj38hHYonaXQHny6SuXDiQ=
    dependencies:
      chalk "^2.4.2"
      source-map "^0.6.1"
      supports-color "^6.1.0"
  
  prr@~1.0.1:
    version "1.0.1"
    resolved "http://192.168.242.40:4873/prr/-/prr-1.0.1.tgz#d3fc114ba06995a45ec6893f484ceb1d78f5f476"
    integrity sha1-0/wRS6BplaRexok/SEzrHXj19HY=
  
  queue-microtask@^1.2.2:
    version "1.2.2"
    resolved "http://192.168.242.40:4873/queue-microtask/-/queue-microtask-1.2.2.tgz#abf64491e6ecf0f38a6502403d4cda04f372dfd3"
    integrity sha1-q/ZEkebs8POKZQJAPUzaBPNy39M=
  
  quick-lru@^5.1.1:
    version "5.1.1"
    resolved "http://192.168.242.40:4873/quick-lru/-/quick-lru-5.1.1.tgz#366493e6b3e42a3a6885e2e99d18f80fb7a8c932"
    integrity sha1-NmST5rPkKjpoheLpnRj4D7eoyTI=
  
  readdirp@~3.5.0:
    version "3.5.0"
    resolved "http://192.168.242.40:4873/readdirp/-/readdirp-3.5.0.tgz#9ba74c019b15d365278d2e91bb8c48d7b4d42c9e"
    integrity sha1-m6dMAZsV02UnjS6Ru4xI17TULJ4=
    dependencies:
      picomatch "^2.2.1"
  
  require-directory@^2.1.1:
    version "2.1.1"
    resolved "http://192.168.242.40:4873/require-directory/-/require-directory-2.1.1.tgz#8c64ad5fd30dab1c976e2344ffe7f792a6a6df42"
    integrity sha1-jGStX9MNqxyXbiNE/+f3kqam30I=
  
  resize-observer-polyfill@^1.5.1:
    version "1.5.1"
    resolved "http://192.168.242.40:4873/resize-observer-polyfill/-/resize-observer-polyfill-1.5.1.tgz#0e9020dd3d21024458d4ebd27e23e40269810464"
    integrity sha1-DpAg3T0hAkRY1OvSfiPkAmmBBGQ=
  
  resolve-from@^5.0.0:
    version "5.0.0"
    resolved "http://192.168.242.40:4873/resolve-from/-/resolve-from-5.0.0.tgz#c35225843df8f776df21c57557bc087e9dfdfc69"
    integrity sha1-w1IlhD3493bfIcV1V7wIfp39/Gk=
  
  resolve-url@^0.2.1:
    version "0.2.1"
    resolved "http://192.168.242.40:4873/resolve-url/-/resolve-url-0.2.1.tgz#2c637fe77c893afd2a663fe21aa9080068e2052a"
    integrity sha1-LGN/53yJOv0qZj/iGqkIAGjiBSo=
  
  resolve@^1.19.0:
    version "1.20.0"
    resolved "http://192.168.242.40:4873/resolve/-/resolve-1.20.0.tgz#629a013fb3f70755d6f0b7935cc1c2c5378b1975"
    integrity sha1-YpoBP7P3B1XW8LeTXMHCxTeLGXU=
    dependencies:
      is-core-module "^2.2.0"
      path-parse "^1.0.6"
  
  reusify@^1.0.4:
    version "1.0.4"
    resolved "http://192.168.242.40:4873/reusify/-/reusify-1.0.4.tgz#90da382b1e126efc02146e90845a88db12925d76"
    integrity sha1-kNo4Kx4SbvwCFG6QhFqI2xKSXXY=
  
  rollup@^2.38.5:
    version "2.39.0"
    resolved "http://192.168.242.40:4873/rollup/-/rollup-2.39.0.tgz#be4f98c9e421793a8fec82c854fb567c35e22ab6"
    integrity sha1-vk+YyeQheTqP7ILIVPtWfDXiKrY=
    optionalDependencies:
      fsevents "~2.3.1"
  
  run-parallel@^1.1.9:
    version "1.2.0"
    resolved "http://192.168.242.40:4873/run-parallel/-/run-parallel-1.2.0.tgz#66d1368da7bdf921eb9d95bd1a9229e7f21a43ee"
    integrity sha1-ZtE2jae9+SHrnZW9GpIp5/IaQ+4=
    dependencies:
      queue-microtask "^1.2.2"
  
  safe-buffer@~5.1.1:
    version "5.1.2"
    resolved "http://192.168.242.40:4873/safe-buffer/-/safe-buffer-5.1.2.tgz#991ec69d296e0313747d59bdfd2b745c35f8828d"
    integrity sha1-mR7GnSluAxN0fVm9/St0XDX4go0=
  
  "safer-buffer@>= 2.1.2 < 3", safer-buffer@^2.1.2:
    version "2.1.2"
    resolved "http://192.168.242.40:4873/safer-buffer/-/safer-buffer-2.1.2.tgz#44fa161b0187b9549dd84bb91802f9bd8385cd6a"
    integrity sha1-RPoWGwGHuVSd2Eu5GAL5vYOFzWo=
  
  sass@^1.32.8:
    version "1.32.8"
    resolved "http://192.168.242.40:4873/sass/-/sass-1.32.8.tgz#f16a9abd8dc530add8834e506878a2808c037bdc"
    integrity sha1-8WqavY3FMK3Yg05QaHiigIwDe9w=
    dependencies:
      chokidar ">=2.0.0 <4.0.0"
  
  sax@^1.2.4, sax@~1.2.4:
    version "1.2.4"
    resolved "http://192.168.242.40:4873/sax/-/sax-1.2.4.tgz#2816234e2378bddc4e5354fab5caa895df7100d9"
    integrity sha1-KBYjTiN4vdxOU1T6tcqold9xANk=
  
  semver@^5.4.1, semver@^5.6.0:
    version "5.7.1"
    resolved "http://192.168.242.40:4873/semver/-/semver-5.7.1.tgz#a954f931aeba508d307bbf069eff0c01c96116f7"
    integrity sha1-qVT5Ma66UI0we78Gnv8MAclhFvc=
  
  semver@^6.3.0:
    version "6.3.0"
    resolved "http://192.168.242.40:4873/semver/-/semver-6.3.0.tgz#ee0a64c8af5e8ceea67687b133761e1becbd1d3d"
    integrity sha1-7gpkyK9ejO6mdoexM3YeG+y9HT0=
  
  source-map-resolve@^0.5.2:
    version "0.5.3"
    resolved "http://192.168.242.40:4873/source-map-resolve/-/source-map-resolve-0.5.3.tgz#190866bece7553e1f8f267a2ee82c606b5509a1a"
    integrity sha1-GQhmvs51U+H48mei7oLGBrVQmho=
    dependencies:
      atob "^2.1.2"
      decode-uri-component "^0.2.0"
      resolve-url "^0.2.1"
      source-map-url "^0.4.0"
      urix "^0.1.0"
  
  source-map-url@^0.4.0:
    version "0.4.1"
    resolved "http://192.168.242.40:4873/source-map-url/-/source-map-url-0.4.1.tgz#0af66605a745a5a2f91cf1bbf8a7afbc283dec56"
    integrity sha1-CvZmBadFpaL5HPG7+KevvCg97FY=
  
  source-map@0.6.1, source-map@^0.6.1, source-map@~0.6.0:
    version "0.6.1"
    resolved "http://192.168.242.40:4873/source-map/-/source-map-0.6.1.tgz#74722af32e9614e9c287a8d0bbde48b5e2f1a263"
    integrity sha1-dHIq8y6WFOnCh6jQu95IteLxomM=
  
  source-map@^0.5.0:
    version "0.5.7"
    resolved "http://192.168.242.40:4873/source-map/-/source-map-0.5.7.tgz#8a039d2d1021d22d1ea14c80d8ea468ba2ef3fcc"
    integrity sha1-igOdLRAh0i0eoUyA2OpGi6LvP8w=
  
  source-map@^0.7.3:
    version "0.7.3"
    resolved "http://192.168.242.40:4873/source-map/-/source-map-0.7.3.tgz#5302f8169031735226544092e64981f751750383"
    integrity sha1-UwL4FpAxc1ImVECS5kmB91F1A4M=
  
  sourcemap-codec@^1.4.4:
    version "1.4.8"
    resolved "http://192.168.242.40:4873/sourcemap-codec/-/sourcemap-codec-1.4.8.tgz#ea804bd94857402e6992d05a38ef1ae35a9ab4c4"
    integrity sha1-6oBL2UhXQC5pktBaOO8a41qatMQ=
  
  string-hash@^1.1.1:
    version "1.1.3"
    resolved "http://192.168.242.40:4873/string-hash/-/string-hash-1.1.3.tgz#e8aafc0ac1855b4666929ed7dd1275df5d6c811b"
    integrity sha1-6Kr8CsGFW0Zmkp7X3RJ1311sgRs=
  
  string-width@^4.1.0, string-width@^4.2.0:
    version "4.2.0"
    resolved "http://192.168.242.40:4873/string-width/-/string-width-4.2.0.tgz#952182c46cc7b2c313d1596e623992bd163b72b5"
    integrity sha1-lSGCxGzHssMT0VluYjmSvRY7crU=
    dependencies:
      emoji-regex "^8.0.0"
      is-fullwidth-code-point "^3.0.0"
      strip-ansi "^6.0.0"
  
  strip-ansi@^6.0.0:
    version "6.0.0"
    resolved "http://192.168.242.40:4873/strip-ansi/-/strip-ansi-6.0.0.tgz#0b1571dd7669ccd4f3e06e14ef1eed26225ae532"
    integrity sha1-CxVx3XZpzNTz4G4U7x7tJiJa5TI=
    dependencies:
      ansi-regex "^5.0.0"
  
  stylus@^0.54.8:
    version "0.54.8"
    resolved "http://192.168.242.40:4873/stylus/-/stylus-0.54.8.tgz#3da3e65966bc567a7b044bfe0eece653e099d147"
    integrity sha1-PaPmWWa8Vnp7BEv+DuzmU+CZ0Uc=
    dependencies:
      css-parse "~2.0.0"
      debug "~3.1.0"
      glob "^7.1.6"
      mkdirp "~1.0.4"
      safer-buffer "^2.1.2"
      sax "~1.2.4"
      semver "^6.3.0"
      source-map "^0.7.3"
  
  supports-color@^5.3.0:
    version "5.5.0"
    resolved "http://192.168.242.40:4873/supports-color/-/supports-color-5.5.0.tgz#e2e69a44ac8772f78a1ec0b35b689df6530efc8f"
    integrity sha1-4uaaRKyHcveKHsCzW2id9lMO/I8=
    dependencies:
      has-flag "^3.0.0"
  
  supports-color@^6.1.0:
    version "6.1.0"
    resolved "http://192.168.242.40:4873/supports-color/-/supports-color-6.1.0.tgz#0764abc69c63d5ac842dd4867e8d025e880df8f3"
    integrity sha1-B2Srxpxj1ayELdSGfo0CXogN+PM=
    dependencies:
      has-flag "^3.0.0"
  
  supports-color@^7.1.0:
    version "7.2.0"
    resolved "http://192.168.242.40:4873/supports-color/-/supports-color-7.2.0.tgz#1b7dcdcb32b8138801b3e478ba6a51caa89648da"
    integrity sha1-G33NyzK4E4gBs+R4umpRyqiWSNo=
    dependencies:
      has-flag "^4.0.0"
  
  thenify-all@^1.0.0:
    version "1.6.0"
    resolved "http://192.168.242.40:4873/thenify-all/-/thenify-all-1.6.0.tgz#1a1918d402d8fc3f98fbf234db0bcc8cc10e9726"
    integrity sha1-GhkY1ALY/D+Y+/I02wvMjMEOlyY=
    dependencies:
      thenify ">= 3.1.0 < 4"
  
  "thenify@>= 3.1.0 < 4":
    version "3.3.1"
    resolved "http://192.168.242.40:4873/thenify/-/thenify-3.3.1.tgz#8932e686a4066038a016dd9e2ca46add9838a95f"
    integrity sha1-iTLmhqQGYDigFt2eLKRq3Zg4qV8=
    dependencies:
      any-promise "^1.0.0"
  
  to-fast-properties@^2.0.0:
    version "2.0.0"
    resolved "http://192.168.242.40:4873/to-fast-properties/-/to-fast-properties-2.0.0.tgz#dc5e698cbd079265bc73e0377681a4e4e83f616e"
    integrity sha1-3F5pjL0HkmW8c+A3doGk5Og/YW4=
  
  to-regex-range@^5.0.1:
    version "5.0.1"
    resolved "http://192.168.242.40:4873/to-regex-range/-/to-regex-range-5.0.1.tgz#1648c44aae7c8d988a326018ed72f5b4dd0392e4"
    integrity sha1-FkjESq58jZiKMmAY7XL1tN0DkuQ=
    dependencies:
      is-number "^7.0.0"
  
  tslib@^1.10.0, tslib@^1.9.3:
    version "1.14.1"
    resolved "http://192.168.242.40:4873/tslib/-/tslib-1.14.1.tgz#cf2d38bdc34a134bcaf1091c41f6619e2f672d00"
    integrity sha1-zy04vcNKE0vK8QkcQfZhni9nLQA=
  
  tslib@^2.0.3:
    version "2.1.0"
    resolved "http://192.168.242.40:4873/tslib/-/tslib-2.1.0.tgz#da60860f1c2ecaa5703ab7d39bc05b6bf988b97a"
    integrity sha1-2mCGDxwuyqVwOrfTm8Bba/mIuXo=
  
  typescript@^4.0.3, typescript@^4.1.3:
    version "4.1.5"
    resolved "http://192.168.242.40:4873/typescript/-/typescript-4.1.5.tgz#123a3b214aaff3be32926f0d8f1f6e704eb89a72"
    integrity sha1-Ejo7IUqv874ykm8Njx9ucE64mnI=
  
  uniq@^1.0.1:
    version "1.0.1"
    resolved "http://192.168.242.40:4873/uniq/-/uniq-1.0.1.tgz#b31c5ae8254844a3a8281541ce2b04b865a734ff"
    integrity sha1-sxxa6CVIRKOoKBVBzisEuGWnNP8=
  
  urix@^0.1.0:
    version "0.1.0"
    resolved "http://192.168.242.40:4873/urix/-/urix-0.1.0.tgz#da937f7a62e21fec1fd18d49b35c2935067a6c72"
    integrity sha1-2pN/emLiH+wf0Y1Js1wpNQZ6bHI=
  
  util-deprecate@^1.0.2:
    version "1.0.2"
    resolved "http://192.168.242.40:4873/util-deprecate/-/util-deprecate-1.0.2.tgz#450d4dc9fa70de732762fbd2d4a28981419a0ccf"
    integrity sha1-RQ1Nyfpw3nMnYvvS1KKJgUGaDM8=
  
  uuid@^3.3.3:
    version "3.4.0"
    resolved "http://192.168.242.40:4873/uuid/-/uuid-3.4.0.tgz#b23e4358afa8a202fe7a100af1f5f883f02007ee"
    integrity sha1-sj5DWK+oogL+ehAK8fX4g/AgB+4=
  
  uuid@^8.3.2:
    version "8.3.2"
    resolved "http://192.168.242.40:4873/uuid/-/uuid-8.3.2.tgz#80d5b5ced271bb9af6c445f21a1a04c606cefbe2"
    integrity sha1-gNW1ztJxu5r2xEXyGhoExgbO++I=
  
  vite-plugin-imp@^2.0.4:
    version "2.0.4"
    resolved "http://192.168.242.40:4873/vite-plugin-imp/-/vite-plugin-imp-2.0.4.tgz#bc64aee21168d554ad99d235a805c7fb89578720"
    integrity sha1-vGSu4hFo1VStmdI1qAXH+4lXhyA=
    dependencies:
      "@babel/core" "^7.12.10"
      "@babel/generator" "^7.12.11"
      "@babel/parser" "^7.12.11"
      "@babel/traverse" "^7.12.12"
      chalk "^4.1.0"
      param-case "^3.0.4"
  
  vite@^2.0.2:
    version "2.0.2"
    resolved "http://192.168.242.40:4873/vite/-/vite-2.0.2.tgz#d984528b5a1c8e725d2804245751769b11d671cf"
    integrity sha1-2YRSi1ocjnJdKAQkV1F2mxHWcc8=
    dependencies:
      esbuild "^0.8.47"
      postcss "^8.2.1"
      resolve "^1.19.0"
      rollup "^2.38.5"
    optionalDependencies:
      fsevents "~2.3.1"
  
  vscode-languageserver-textdocument@^1.0.1:
    version "1.0.1"
    resolved "http://192.168.242.40:4873/vscode-languageserver-textdocument/-/vscode-languageserver-textdocument-1.0.1.tgz#178168e87efad6171b372add1dea34f53e5d330f"
    integrity sha1-F4Fo6H761hcbNyrdHeo09T5dMw8=
  
  vscode-uri@^2.1.2:
    version "2.1.2"
    resolved "http://192.168.242.40:4873/vscode-uri/-/vscode-uri-2.1.2.tgz#c8d40de93eb57af31f3c715dd650e2ca2c096f1c"
    integrity sha1-yNQN6T61evMfPHFd1lDiyiwJbxw=
  
  vscode-web-custom-data@^0.3.2:
    version "0.3.3"
    resolved "http://192.168.242.40:4873/vscode-web-custom-data/-/vscode-web-custom-data-0.3.3.tgz#9e1f2388c718d6f190038a19d144834a436b876f"
    integrity sha1-nh8jiMcY1vGQA4oZ0USDSkNrh28=
  
  vue-router@^4.0.4:
    version "4.0.4"
    resolved "http://192.168.242.40:4873/vue-router/-/vue-router-4.0.4.tgz#ad9b4b7bbdad622407b4ff189b1646f48c1e9053"
    integrity sha1-rZtLe72tYiQHtP8YmxZG9IwekFM=
  
  vue@^3.0.5:
    version "3.0.5"
    resolved "http://192.168.242.40:4873/vue/-/vue-3.0.5.tgz#de1b82eba24abfe71e0970fc9b8d4b2babdc3fe1"
    integrity sha1-3huC66JKv+ceCXD8m41LK6vcP+E=
    dependencies:
      "@vue/compiler-dom" "3.0.5"
      "@vue/runtime-dom" "3.0.5"
      "@vue/shared" "3.0.5"
  
  vuex@^4.0.0:
    version "4.0.0"
    resolved "http://192.168.242.40:4873/vuex/-/vuex-4.0.0.tgz#ac877aa76a9c45368c979471e461b520d38e6cf5"
    integrity sha1-rId6p2qcRTaMl5Rx5GG1INOObPU=
  
  wrap-ansi@^7.0.0:
    version "7.0.0"
    resolved "http://192.168.242.40:4873/wrap-ansi/-/wrap-ansi-7.0.0.tgz#67e145cff510a6a6984bdf1152911d69d2eb9e43"
    integrity sha1-Z+FFz/UQpqaYS98RUpEdadLrnkM=
    dependencies:
      ansi-styles "^4.0.0"
      string-width "^4.1.0"
      strip-ansi "^6.0.0"
  
  wrappy@1:
    version "1.0.2"
    resolved "http://192.168.242.40:4873/wrappy/-/wrappy-1.0.2.tgz#b5243d8f3ec1aa35f1364605bc0d1036e30ab69f"
    integrity sha1-tSQ9jz7BqjXxNkYFvA0QNuMKtp8=
  
  y18n@^5.0.5:
    version "5.0.5"
    resolved "http://192.168.242.40:4873/y18n/-/y18n-5.0.5.tgz#8769ec08d03b1ea2df2500acef561743bbb9ab18"
    integrity sha1-h2nsCNA7HqLfJQCs71YXQ7u5qxg=
  
  yallist@^3.0.2:
    version "3.1.1"
    resolved "http://192.168.242.40:4873/yallist/-/yallist-3.1.1.tgz#dbb7daf9bfd8bac9ab45ebf602b8cbad0d5d08fd"
    integrity sha1-27fa+b/YusmrRev2ArjLrQ1dCP0=
  
  yallist@^4.0.0:
    version "4.0.0"
    resolved "http://192.168.242.40:4873/yallist/-/yallist-4.0.0.tgz#9bb92790d9c0effec63be73519e11a35019a3a72"
    integrity sha1-m7knkNnA7/7GO+c1GeEaNQGaOnI=
  
  yargs-parser@^20.2.2:
    version "20.2.5"
    resolved "http://192.168.242.40:4873/yargs-parser/-/yargs-parser-20.2.5.tgz#5d37729146d3f894f39fc94b6796f5b239513186"
    integrity sha1-XTdykUbT+JTzn8lLZ5b1sjlRMYY=
  
  yargs@^16.0.0:
    version "16.2.0"
    resolved "http://192.168.242.40:4873/yargs/-/yargs-16.2.0.tgz#1c82bf0f6b6a66eafce7ef30e376f49a12477f66"
    integrity sha1-HIK/D2tqZur85+8w43b0mhJHf2Y=
    dependencies:
      cliui "^7.0.2"
      escalade "^3.1.1"
      get-caller-file "^2.0.5"
      require-directory "^2.1.1"
      string-width "^4.2.0"
      y18n "^5.0.5"
      yargs-parser "^20.2.2"
